[ 2023-04-09 14:20:41,336 ] 16 root - INFO - >>>>>>>>>>>>>>>>>>>>>>>>>>>>>>>>>>>>>>>> Data Ingestion <<<<<<<<<<<<<<<<<<<<<<<<<<<<<<<<<<<<<<<<
[ 2023-04-09 14:20:41,336 ] 23 root - INFO - Exporting collection data as pandas dataframe
[ 2023-04-09 14:20:41,336 ] 9 root - INFO - Reading data from database:aps and collection:sensor
[ 2023-04-09 14:20:44,666 ] 11 root - INFO - Found columns: Index(['_id', 'class', 'aa_000', 'ab_000', 'ac_000', 'ad_000', 'ae_000',
       'af_000', 'ag_000', 'ag_001',
       ...
       'ee_002', 'ee_003', 'ee_004', 'ee_005', 'ee_006', 'ee_007', 'ee_008',
       'ee_009', 'ef_000', 'eg_000'],
      dtype='object', length=172)
[ 2023-04-09 14:20:44,666 ] 13 root - INFO - Dropping coloum: _id
[ 2023-04-09 14:20:44,882 ] 15 root - INFO - Row and columns in df : (36188, 171)
[ 2023-04-09 14:20:44,882 ] 29 root - INFO - Save data in feature store
[ 2023-04-09 14:20:46,228 ] 35 root - INFO - Create feature store folder if not available
[ 2023-04-09 14:20:46,228 ] 39 root - INFO - Save df to feature store folder
[ 2023-04-09 14:20:48,056 ] 44 root - INFO - split dataset into train and test set
[ 2023-04-09 14:20:48,360 ] 48 root - INFO - create dataset directory folder if not available
[ 2023-04-09 14:20:48,361 ] 53 root - INFO - Save df to feature store folder
[ 2023-04-09 14:20:50,179 ] 65 root - INFO - Data ingestion artifact: DataIngestionArtifact(feature_store_file_path='/config/workspace/artifact/04092023__142041/data_ingestion/feature_store/sensor.csv', train_file_path='/config/workspace/artifact/04092023__142041/data_ingestion/dataset/train.csv', test_file_path='/config/workspace/artifact/04092023__142041/data_ingestion/dataset/test.csv')
[ 2023-04-09 14:20:50,581 ] 21 root - INFO - >>>>>>>>>>>>>>>>>>>>>>>>>>>>>>>>>>>>>>>> Data Validation <<<<<<<<<<<<<<<<<<<<<<<<<<<<<<<<<<<<<<<<
[ 2023-04-09 14:20:50,581 ] 111 root - INFO - reading base dataframe
[ 2023-04-09 14:20:52,846 ] 114 root - INFO - replace na values in basa datframe
[ 2023-04-09 14:20:52,847 ] 116 root - INFO - drop null values columns from base df
[ 2023-04-09 14:20:53,066 ] 45 root - INFO - selecting colnum name  which contains null above to 0.2
[ 2023-04-09 14:20:53,067 ] 47 root - INFO - columns to drop Index(['ab_000', 'ad_000', 'bk_000', 'bl_000', 'bm_000', 'bn_000', 'bo_000',
       'bp_000', 'bq_000', 'br_000', 'cf_000', 'cg_000', 'ch_000', 'co_000',
       'cr_000', 'ct_000', 'cu_000', 'cv_000', 'cx_000', 'cy_000', 'cz_000',
       'da_000', 'db_000', 'dc_000'],
      dtype='object')
[ 2023-04-09 14:20:53,147 ] 119 root - INFO - reading train dataframe
[ 2023-04-09 14:20:53,523 ] 122 root - INFO - reading test dataframe
[ 2023-04-09 14:20:53,623 ] 126 root - INFO - drop null values colunm from train df
[ 2023-04-09 14:20:53,630 ] 45 root - INFO - selecting colnum name  which contains null above to 0.2
[ 2023-04-09 14:20:53,631 ] 47 root - INFO - columns to drop Index(['ab_000', 'ad_000', 'bk_000', 'bl_000', 'bm_000', 'bn_000', 'bo_000',
       'bp_000', 'bq_000', 'br_000', 'cf_000', 'cg_000', 'ch_000', 'co_000',
       'cr_000', 'ct_000', 'cu_000', 'cv_000', 'cx_000', 'cy_000', 'cz_000',
       'da_000', 'db_000', 'dc_000'],
      dtype='object')
[ 2023-04-09 14:20:53,640 ] 128 root - INFO - drop null values colunm from test df
[ 2023-04-09 14:20:53,643 ] 45 root - INFO - selecting colnum name  which contains null above to 0.2
[ 2023-04-09 14:20:53,644 ] 47 root - INFO - columns to drop Index(['ab_000', 'ad_000', 'bk_000', 'bl_000', 'bm_000', 'bn_000', 'bo_000',
       'bp_000', 'bq_000', 'br_000', 'cf_000', 'cg_000', 'ch_000', 'co_000',
       'cr_000', 'ct_000', 'cu_000', 'cv_000', 'cx_000', 'cy_000', 'cz_000',
       'da_000', 'db_000', 'dc_000'],
      dtype='object')
[ 2023-04-09 14:20:53,646 ] 131 root - INFO - if all required column present in train df
[ 2023-04-09 14:20:53,646 ] 133 root - INFO - if all required column present in test df
[ 2023-04-09 14:20:53,646 ] 137 root - INFO - AS all columns are available in train df hence detecting data drift
