[ 2023-04-09 14:25:04,190 ] 16 root - INFO - >>>>>>>>>>>>>>>>>>>>>>>>>>>>>>>>>>>>>>>> Data Ingestion <<<<<<<<<<<<<<<<<<<<<<<<<<<<<<<<<<<<<<<<
[ 2023-04-09 14:25:04,190 ] 23 root - INFO - Exporting collection data as pandas dataframe
[ 2023-04-09 14:25:04,190 ] 9 root - INFO - Reading data from database:aps and collection:sensor
[ 2023-04-09 14:25:07,480 ] 11 root - INFO - Found columns: Index(['_id', 'class', 'aa_000', 'ab_000', 'ac_000', 'ad_000', 'ae_000',
       'af_000', 'ag_000', 'ag_001',
       ...
       'ee_002', 'ee_003', 'ee_004', 'ee_005', 'ee_006', 'ee_007', 'ee_008',
       'ee_009', 'ef_000', 'eg_000'],
      dtype='object', length=172)
[ 2023-04-09 14:25:07,481 ] 13 root - INFO - Dropping coloum: _id
[ 2023-04-09 14:25:07,704 ] 15 root - INFO - Row and columns in df : (36188, 171)
[ 2023-04-09 14:25:07,704 ] 29 root - INFO - Save data in feature store
[ 2023-04-09 14:25:09,108 ] 35 root - INFO - Create feature store folder if not available
[ 2023-04-09 14:25:09,109 ] 39 root - INFO - Save df to feature store folder
[ 2023-04-09 14:25:10,941 ] 44 root - INFO - split dataset into train and test set
[ 2023-04-09 14:25:11,263 ] 48 root - INFO - create dataset directory folder if not available
[ 2023-04-09 14:25:11,264 ] 53 root - INFO - Save df to feature store folder
[ 2023-04-09 14:25:13,063 ] 65 root - INFO - Data ingestion artifact: DataIngestionArtifact(feature_store_file_path='/config/workspace/artifact/04092023__142504/data_ingestion/feature_store/sensor.csv', train_file_path='/config/workspace/artifact/04092023__142504/data_ingestion/dataset/train.csv', test_file_path='/config/workspace/artifact/04092023__142504/data_ingestion/dataset/test.csv')
[ 2023-04-09 14:25:13,461 ] 21 root - INFO - >>>>>>>>>>>>>>>>>>>>>>>>>>>>>>>>>>>>>>>> Data Validation <<<<<<<<<<<<<<<<<<<<<<<<<<<<<<<<<<<<<<<<
[ 2023-04-09 14:25:13,462 ] 111 root - INFO - Reading base dataframe
[ 2023-04-09 14:25:15,731 ] 114 root - INFO - Replace na value in base df
[ 2023-04-09 14:25:15,731 ] 116 root - INFO - Drop null values colums from base df
[ 2023-04-09 14:25:15,950 ] 45 root - INFO - selecting colnum name  which contains null above to 0.2
[ 2023-04-09 14:25:15,951 ] 47 root - INFO - columns to drop Index(['ab_000', 'ad_000', 'bk_000', 'bl_000', 'bm_000', 'bn_000', 'bo_000',
       'bp_000', 'bq_000', 'br_000', 'cf_000', 'cg_000', 'ch_000', 'co_000',
       'cr_000', 'ct_000', 'cu_000', 'cv_000', 'cx_000', 'cy_000', 'cz_000',
       'da_000', 'db_000', 'dc_000'],
      dtype='object')
[ 2023-04-09 14:25:16,039 ] 119 root - INFO - Reading train dataframe
[ 2023-04-09 14:25:16,411 ] 121 root - INFO - Reading test dataframe
[ 2023-04-09 14:25:16,509 ] 124 root - INFO - Drop null values colums from train df
[ 2023-04-09 14:25:16,517 ] 45 root - INFO - selecting colnum name  which contains null above to 0.2
[ 2023-04-09 14:25:16,518 ] 47 root - INFO - columns to drop Index(['ab_000', 'ad_000', 'bk_000', 'bl_000', 'bm_000', 'bn_000', 'bo_000',
       'bp_000', 'bq_000', 'br_000', 'cf_000', 'cg_000', 'ch_000', 'co_000',
       'cr_000', 'ct_000', 'cu_000', 'cv_000', 'cx_000', 'cy_000', 'cz_000',
       'da_000', 'db_000', 'dc_000'],
      dtype='object')
[ 2023-04-09 14:25:16,526 ] 126 root - INFO - Drop null values colums from test df
[ 2023-04-09 14:25:16,530 ] 45 root - INFO - selecting colnum name  which contains null above to 0.2
[ 2023-04-09 14:25:16,530 ] 47 root - INFO - columns to drop Index(['ab_000', 'ad_000', 'bk_000', 'bl_000', 'bm_000', 'bn_000', 'bo_000',
       'bp_000', 'bq_000', 'br_000', 'cf_000', 'cg_000', 'ch_000', 'co_000',
       'cr_000', 'ct_000', 'cu_000', 'cv_000', 'cx_000', 'cy_000', 'cz_000',
       'da_000', 'db_000', 'dc_000'],
      dtype='object')
