[ 2023-04-09 14:10:34,192 ] 16 root - INFO - >>>>>>>>>>>>>>>>>>>>>>>>>>>>>>>>>>>>>>>> Data Ingestion <<<<<<<<<<<<<<<<<<<<<<<<<<<<<<<<<<<<<<<<
[ 2023-04-09 14:10:34,192 ] 23 root - INFO - Exporting collection data as pandas dataframe
[ 2023-04-09 14:10:34,192 ] 9 root - INFO - Reading data from database:aps and collection:sensor
[ 2023-04-09 14:10:37,498 ] 11 root - INFO - Found columns: Index(['_id', 'class', 'aa_000', 'ab_000', 'ac_000', 'ad_000', 'ae_000',
       'af_000', 'ag_000', 'ag_001',
       ...
       'ee_002', 'ee_003', 'ee_004', 'ee_005', 'ee_006', 'ee_007', 'ee_008',
       'ee_009', 'ef_000', 'eg_000'],
      dtype='object', length=172)
[ 2023-04-09 14:10:37,498 ] 13 root - INFO - Dropping coloum: _id
[ 2023-04-09 14:10:37,730 ] 15 root - INFO - Row and columns in df : (36188, 171)
[ 2023-04-09 14:10:37,731 ] 29 root - INFO - Save data in feature store
[ 2023-04-09 14:10:39,103 ] 35 root - INFO - Create feature store folder if not available
[ 2023-04-09 14:10:39,104 ] 39 root - INFO - Save df to feature store folder
[ 2023-04-09 14:10:40,927 ] 44 root - INFO - split dataset into train and test set
[ 2023-04-09 14:10:41,238 ] 48 root - INFO - create dataset directory folder if not available
[ 2023-04-09 14:10:41,238 ] 53 root - INFO - Save df to feature store folder
[ 2023-04-09 14:10:43,031 ] 65 root - INFO - Data ingestion artifact: DataIngestionArtifact(feature_store_file_path='/config/workspace/artifact/04092023__141034/data_ingestion/feature_store/sensor.csv', train_file_path='/config/workspace/artifact/04092023__141034/data_ingestion/dataset/train.csv', test_file_path='/config/workspace/artifact/04092023__141034/data_ingestion/dataset/test.csv')
[ 2023-04-09 14:10:43,422 ] 21 root - INFO - >>>>>>>>>>>>>>>>>>>>>>>>>>>>>>>>>>>>>>>> Data Validation <<<<<<<<<<<<<<<<<<<<<<<<<<<<<<<<<<<<<<<<
[ 2023-04-09 14:10:43,422 ] 109 root - INFO - reading base dataframe
[ 2023-04-09 14:10:45,734 ] 112 root - INFO - replace na values in basa datframe
[ 2023-04-09 14:10:45,735 ] 114 root - INFO - drop null values columns from base df
[ 2023-04-09 14:10:45,952 ] 45 root - INFO - selecting colnum name  which contains null above to 0.2
[ 2023-04-09 14:10:45,953 ] 47 root - INFO - columns to drop Index(['ab_000', 'ad_000', 'bk_000', 'bl_000', 'bm_000', 'bn_000', 'bo_000',
       'bp_000', 'bq_000', 'br_000', 'cf_000', 'cg_000', 'ch_000', 'co_000',
       'cr_000', 'ct_000', 'cu_000', 'cv_000', 'cx_000', 'cy_000', 'cz_000',
       'da_000', 'db_000', 'dc_000'],
      dtype='object')
[ 2023-04-09 14:10:46,092 ] 117 root - INFO - reading train dataframe
[ 2023-04-09 14:10:46,478 ] 120 root - INFO - reading test dataframe
[ 2023-04-09 14:10:46,591 ] 124 root - INFO - drop null values colunm from train df
[ 2023-04-09 14:10:46,602 ] 45 root - INFO - selecting colnum name  which contains null above to 0.2
[ 2023-04-09 14:10:46,603 ] 47 root - INFO - columns to drop Index(['ab_000', 'ad_000', 'bk_000', 'bl_000', 'bm_000', 'bn_000', 'bo_000',
       'bp_000', 'bq_000', 'br_000', 'cf_000', 'cg_000', 'ch_000', 'co_000',
       'cr_000', 'ct_000', 'cu_000', 'cv_000', 'cx_000', 'cy_000', 'cz_000',
       'da_000', 'db_000', 'dc_000'],
      dtype='object')
[ 2023-04-09 14:10:46,616 ] 126 root - INFO - drop null values colunm from test df
[ 2023-04-09 14:10:46,619 ] 45 root - INFO - selecting colnum name  which contains null above to 0.2
[ 2023-04-09 14:10:46,620 ] 47 root - INFO - columns to drop Index(['ab_000', 'ad_000', 'bk_000', 'bl_000', 'bm_000', 'bn_000', 'bo_000',
       'bp_000', 'bq_000', 'br_000', 'cf_000', 'cg_000', 'ch_000', 'co_000',
       'cr_000', 'ct_000', 'cu_000', 'cv_000', 'cx_000', 'cy_000', 'cz_000',
       'da_000', 'db_000', 'dc_000'],
      dtype='object')
[ 2023-04-09 14:10:46,622 ] 129 root - INFO - if all required column present in train df
