[ 2023-04-10 11:01:44,149 ] 16 root - INFO - >>>>>>>>>>>>>>>>>>>>>>>>>>>>>>>>>>>>>>>> Data Ingestion <<<<<<<<<<<<<<<<<<<<<<<<<<<<<<<<<<<<<<<<
[ 2023-04-10 11:01:44,149 ] 23 root - INFO - Exporting collection data as pandas dataframe
[ 2023-04-10 11:01:44,149 ] 21 root - INFO - Reading data from database: aps and collection: sensor
[ 2023-04-10 11:01:48,156 ] 23 root - INFO - Found columns: Index(['_id', 'class', 'aa_000', 'ab_000', 'ac_000', 'ad_000', 'ae_000',
       'af_000', 'ag_000', 'ag_001',
       ...
       'ee_002', 'ee_003', 'ee_004', 'ee_005', 'ee_006', 'ee_007', 'ee_008',
       'ee_009', 'ef_000', 'eg_000'],
      dtype='object', length=172)
[ 2023-04-10 11:01:48,157 ] 25 root - INFO - Dropping column: _id 
[ 2023-04-10 11:01:48,792 ] 27 root - INFO - Row and columns in df: (36188, 171)
[ 2023-04-10 11:01:48,792 ] 29 root - INFO - Save data in feature store
[ 2023-04-10 11:01:50,353 ] 35 root - INFO - Create feature store folder if not available
[ 2023-04-10 11:01:50,354 ] 39 root - INFO - Save df to feature store folder
[ 2023-04-10 11:01:52,250 ] 44 root - INFO - split dataset into train and test set
[ 2023-04-10 11:01:52,655 ] 48 root - INFO - create dataset directory folder if not available
[ 2023-04-10 11:01:52,656 ] 53 root - INFO - Save df to feature store folder
[ 2023-04-10 11:01:54,531 ] 65 root - INFO - Data ingestion artifact: DataIngestionArtifact(feature_store_file_path='/config/workspace/artifact/04102023__110144/data_ingestion/feature_store/sensor.csv', train_file_path='/config/workspace/artifact/04102023__110144/data_ingestion/dataset/train.csv', test_file_path='/config/workspace/artifact/04102023__110144/data_ingestion/dataset/test.csv')
[ 2023-04-10 11:01:54,999 ] 21 root - INFO - >>>>>>>>>>>>>>>>>>>>>>>>>>>>>>>>>>>>>>>> Data Validation <<<<<<<<<<<<<<<<<<<<<<<<<<<<<<<<<<<<<<<<
[ 2023-04-10 11:01:54,999 ] 109 root - INFO - Reading base dataframe
[ 2023-04-10 11:01:57,349 ] 112 root - INFO - Replace na value in base df
[ 2023-04-10 11:01:57,349 ] 114 root - INFO - Drop null values colums from base df
[ 2023-04-10 11:01:57,570 ] 43 root - INFO - selecting column name which contains null above to 0.2
[ 2023-04-10 11:01:57,571 ] 46 root - INFO - Columns to drop: ['ab_000', 'ad_000', 'bk_000', 'bl_000', 'bm_000', 'bn_000', 'bo_000', 'bp_000', 'bq_000', 'br_000', 'cf_000', 'cg_000', 'ch_000', 'co_000', 'cr_000', 'ct_000', 'cu_000', 'cv_000', 'cx_000', 'cy_000', 'cz_000', 'da_000', 'db_000', 'dc_000']
[ 2023-04-10 11:01:57,651 ] 117 root - INFO - Reading train dataframe
[ 2023-04-10 11:01:58,037 ] 119 root - INFO - Reading test dataframe
[ 2023-04-10 11:01:58,139 ] 122 root - INFO - Drop null values colums from train df
[ 2023-04-10 11:01:58,147 ] 43 root - INFO - selecting column name which contains null above to 0.2
[ 2023-04-10 11:01:58,147 ] 46 root - INFO - Columns to drop: ['ab_000', 'ad_000', 'bk_000', 'bl_000', 'bm_000', 'bn_000', 'bo_000', 'bp_000', 'bq_000', 'br_000', 'cf_000', 'cg_000', 'ch_000', 'co_000', 'cr_000', 'ct_000', 'cu_000', 'cv_000', 'cx_000', 'cy_000', 'cz_000', 'da_000', 'db_000', 'dc_000']
[ 2023-04-10 11:01:58,156 ] 124 root - INFO - Drop null values colums from test df
[ 2023-04-10 11:01:58,159 ] 43 root - INFO - selecting column name which contains null above to 0.2
[ 2023-04-10 11:01:58,160 ] 46 root - INFO - Columns to drop: ['ab_000', 'ad_000', 'bk_000', 'bl_000', 'bm_000', 'bn_000', 'bo_000', 'bp_000', 'bq_000', 'br_000', 'cf_000', 'cg_000', 'ch_000', 'co_000', 'cr_000', 'ct_000', 'cu_000', 'cv_000', 'cx_000', 'cy_000', 'cz_000', 'da_000', 'db_000', 'dc_000']
[ 2023-04-10 11:01:59,037 ] 133 root - INFO - Is all required columns present in train df
[ 2023-04-10 11:01:59,037 ] 135 root - INFO - Is all required columns present in test df
[ 2023-04-10 11:01:59,037 ] 139 root - INFO - As all column are available in train df hence detecting data drift
[ 2023-04-10 11:01:59,037 ] 87 root - INFO - Hypothesis class: object, object 
[ 2023-04-10 11:01:59,169 ] 87 root - INFO - Hypothesis aa_000: float64, float64 
[ 2023-04-10 11:01:59,179 ] 87 root - INFO - Hypothesis ac_000: float64, float64 
[ 2023-04-10 11:01:59,187 ] 87 root - INFO - Hypothesis ae_000: float64, float64 
[ 2023-04-10 11:01:59,224 ] 87 root - INFO - Hypothesis af_000: float64, float64 
[ 2023-04-10 11:01:59,262 ] 87 root - INFO - Hypothesis ag_000: float64, float64 
[ 2023-04-10 11:01:59,299 ] 87 root - INFO - Hypothesis ag_001: float64, float64 
[ 2023-04-10 11:01:59,334 ] 87 root - INFO - Hypothesis ag_002: float64, float64 
[ 2023-04-10 11:01:59,370 ] 87 root - INFO - Hypothesis ag_003: float64, float64 
[ 2023-04-10 11:01:59,376 ] 87 root - INFO - Hypothesis ag_004: float64, float64 
[ 2023-04-10 11:01:59,388 ] 87 root - INFO - Hypothesis ag_005: float64, float64 
[ 2023-04-10 11:01:59,399 ] 87 root - INFO - Hypothesis ag_006: float64, float64 
[ 2023-04-10 11:01:59,409 ] 87 root - INFO - Hypothesis ag_007: float64, float64 
[ 2023-04-10 11:01:59,419 ] 87 root - INFO - Hypothesis ag_008: float64, float64 
[ 2023-04-10 11:01:59,427 ] 87 root - INFO - Hypothesis ag_009: float64, float64 
[ 2023-04-10 11:01:59,434 ] 87 root - INFO - Hypothesis ah_000: float64, float64 
[ 2023-04-10 11:01:59,444 ] 87 root - INFO - Hypothesis ai_000: float64, float64 
[ 2023-04-10 11:01:59,482 ] 87 root - INFO - Hypothesis aj_000: float64, float64 
[ 2023-04-10 11:01:59,488 ] 87 root - INFO - Hypothesis ak_000: float64, float64 
[ 2023-04-10 11:01:59,493 ] 87 root - INFO - Hypothesis al_000: float64, float64 
[ 2023-04-10 11:01:59,500 ] 87 root - INFO - Hypothesis am_0: float64, float64 
[ 2023-04-10 11:01:59,507 ] 87 root - INFO - Hypothesis an_000: float64, float64 
[ 2023-04-10 11:01:59,518 ] 87 root - INFO - Hypothesis ao_000: float64, float64 
[ 2023-04-10 11:01:59,528 ] 87 root - INFO - Hypothesis ap_000: float64, float64 
[ 2023-04-10 11:01:59,539 ] 87 root - INFO - Hypothesis aq_000: float64, float64 
[ 2023-04-10 11:01:59,550 ] 87 root - INFO - Hypothesis ar_000: float64, float64 
[ 2023-04-10 11:01:59,586 ] 87 root - INFO - Hypothesis as_000: float64, float64 
[ 2023-04-10 11:01:59,620 ] 87 root - INFO - Hypothesis at_000: float64, float64 
[ 2023-04-10 11:01:59,657 ] 87 root - INFO - Hypothesis au_000: float64, float64 
[ 2023-04-10 11:01:59,693 ] 87 root - INFO - Hypothesis av_000: float64, float64 
[ 2023-04-10 11:01:59,732 ] 87 root - INFO - Hypothesis ax_000: float64, float64 
[ 2023-04-10 11:01:59,773 ] 87 root - INFO - Hypothesis ay_000: float64, float64 
[ 2023-04-10 11:01:59,809 ] 87 root - INFO - Hypothesis ay_001: float64, float64 
[ 2023-04-10 11:01:59,844 ] 87 root - INFO - Hypothesis ay_002: float64, float64 
[ 2023-04-10 11:01:59,879 ] 87 root - INFO - Hypothesis ay_003: float64, float64 
[ 2023-04-10 11:01:59,915 ] 87 root - INFO - Hypothesis ay_004: float64, float64 
[ 2023-04-10 11:01:59,951 ] 87 root - INFO - Hypothesis ay_005: float64, float64 
[ 2023-04-10 11:01:59,959 ] 87 root - INFO - Hypothesis ay_006: float64, float64 
[ 2023-04-10 11:01:59,969 ] 87 root - INFO - Hypothesis ay_007: float64, float64 
[ 2023-04-10 11:01:59,979 ] 87 root - INFO - Hypothesis ay_008: float64, float64 
[ 2023-04-10 11:01:59,989 ] 87 root - INFO - Hypothesis ay_009: float64, float64 
[ 2023-04-10 11:02:00,025 ] 87 root - INFO - Hypothesis az_000: float64, float64 
[ 2023-04-10 11:02:00,035 ] 87 root - INFO - Hypothesis az_001: float64, float64 
[ 2023-04-10 11:02:00,044 ] 87 root - INFO - Hypothesis az_002: float64, float64 
[ 2023-04-10 11:02:00,053 ] 87 root - INFO - Hypothesis az_003: float64, float64 
[ 2023-04-10 11:02:00,063 ] 87 root - INFO - Hypothesis az_004: float64, float64 
[ 2023-04-10 11:02:00,073 ] 87 root - INFO - Hypothesis az_005: float64, float64 
[ 2023-04-10 11:02:00,084 ] 87 root - INFO - Hypothesis az_006: float64, float64 
[ 2023-04-10 11:02:00,093 ] 87 root - INFO - Hypothesis az_007: float64, float64 
[ 2023-04-10 11:02:00,130 ] 87 root - INFO - Hypothesis az_008: float64, float64 
[ 2023-04-10 11:02:00,167 ] 87 root - INFO - Hypothesis az_009: float64, float64 
[ 2023-04-10 11:02:00,203 ] 87 root - INFO - Hypothesis ba_000: float64, float64 
[ 2023-04-10 11:02:00,214 ] 87 root - INFO - Hypothesis ba_001: float64, float64 
[ 2023-04-10 11:02:00,225 ] 87 root - INFO - Hypothesis ba_002: float64, float64 
[ 2023-04-10 11:02:00,236 ] 87 root - INFO - Hypothesis ba_003: float64, float64 
[ 2023-04-10 11:02:00,249 ] 87 root - INFO - Hypothesis ba_004: float64, float64 
[ 2023-04-10 11:02:00,260 ] 87 root - INFO - Hypothesis ba_005: float64, float64 
[ 2023-04-10 11:02:00,271 ] 87 root - INFO - Hypothesis ba_006: float64, float64 
[ 2023-04-10 11:02:00,281 ] 87 root - INFO - Hypothesis ba_007: float64, float64 
[ 2023-04-10 11:02:00,291 ] 87 root - INFO - Hypothesis ba_008: float64, float64 
[ 2023-04-10 11:02:00,300 ] 87 root - INFO - Hypothesis ba_009: float64, float64 
[ 2023-04-10 11:02:00,307 ] 87 root - INFO - Hypothesis bb_000: float64, float64 
[ 2023-04-10 11:02:00,318 ] 87 root - INFO - Hypothesis bc_000: float64, float64 
[ 2023-04-10 11:02:00,325 ] 87 root - INFO - Hypothesis bd_000: float64, float64 
[ 2023-04-10 11:02:00,334 ] 87 root - INFO - Hypothesis be_000: float64, float64 
[ 2023-04-10 11:02:00,343 ] 87 root - INFO - Hypothesis bf_000: float64, float64 
[ 2023-04-10 11:02:00,350 ] 87 root - INFO - Hypothesis bg_000: float64, float64 
[ 2023-04-10 11:02:00,361 ] 87 root - INFO - Hypothesis bh_000: float64, float64 
[ 2023-04-10 11:02:00,371 ] 87 root - INFO - Hypothesis bi_000: float64, float64 
[ 2023-04-10 11:02:00,382 ] 87 root - INFO - Hypothesis bj_000: float64, float64 
[ 2023-04-10 11:02:00,392 ] 87 root - INFO - Hypothesis bs_000: float64, float64 
[ 2023-04-10 11:02:00,403 ] 87 root - INFO - Hypothesis bt_000: float64, float64 
[ 2023-04-10 11:02:00,413 ] 87 root - INFO - Hypothesis bu_000: float64, float64 
[ 2023-04-10 11:02:00,424 ] 87 root - INFO - Hypothesis bv_000: float64, float64 
[ 2023-04-10 11:02:00,434 ] 87 root - INFO - Hypothesis bx_000: float64, float64 
[ 2023-04-10 11:02:00,445 ] 87 root - INFO - Hypothesis by_000: float64, float64 
[ 2023-04-10 11:02:00,456 ] 87 root - INFO - Hypothesis bz_000: float64, float64 
[ 2023-04-10 11:02:00,465 ] 87 root - INFO - Hypothesis ca_000: float64, float64 
[ 2023-04-10 11:02:00,476 ] 87 root - INFO - Hypothesis cb_000: float64, float64 
[ 2023-04-10 11:02:00,487 ] 87 root - INFO - Hypothesis cc_000: float64, float64 
[ 2023-04-10 11:02:00,498 ] 87 root - INFO - Hypothesis cd_000: float64, float64 
[ 2023-04-10 11:02:00,534 ] 87 root - INFO - Hypothesis ce_000: float64, float64 
[ 2023-04-10 11:02:00,575 ] 87 root - INFO - Hypothesis ci_000: float64, float64 
[ 2023-04-10 11:02:00,586 ] 87 root - INFO - Hypothesis cj_000: float64, float64 
[ 2023-04-10 11:02:00,624 ] 87 root - INFO - Hypothesis ck_000: float64, float64 
[ 2023-04-10 11:02:00,635 ] 87 root - INFO - Hypothesis cl_000: float64, float64 
[ 2023-04-10 11:02:00,641 ] 87 root - INFO - Hypothesis cm_000: float64, float64 
[ 2023-04-10 11:02:00,648 ] 87 root - INFO - Hypothesis cn_000: float64, float64 
[ 2023-04-10 11:02:00,684 ] 87 root - INFO - Hypothesis cn_001: float64, float64 
[ 2023-04-10 11:02:00,721 ] 87 root - INFO - Hypothesis cn_002: float64, float64 
[ 2023-04-10 11:02:00,729 ] 87 root - INFO - Hypothesis cn_003: float64, float64 
[ 2023-04-10 11:02:00,739 ] 87 root - INFO - Hypothesis cn_004: float64, float64 
[ 2023-04-10 11:02:00,750 ] 87 root - INFO - Hypothesis cn_005: float64, float64 
[ 2023-04-10 11:02:00,760 ] 87 root - INFO - Hypothesis cn_006: float64, float64 
[ 2023-04-10 11:02:00,814 ] 87 root - INFO - Hypothesis cn_007: float64, float64 
[ 2023-04-10 11:02:00,824 ] 87 root - INFO - Hypothesis cn_008: float64, float64 
[ 2023-04-10 11:02:00,834 ] 87 root - INFO - Hypothesis cn_009: float64, float64 
[ 2023-04-10 11:02:00,841 ] 87 root - INFO - Hypothesis cp_000: float64, float64 
[ 2023-04-10 11:02:00,849 ] 87 root - INFO - Hypothesis cq_000: float64, float64 
[ 2023-04-10 11:02:00,859 ] 87 root - INFO - Hypothesis cs_000: float64, float64 
[ 2023-04-10 11:02:00,869 ] 87 root - INFO - Hypothesis cs_001: float64, float64 
[ 2023-04-10 11:02:00,878 ] 87 root - INFO - Hypothesis cs_002: float64, float64 
[ 2023-04-10 11:02:00,888 ] 87 root - INFO - Hypothesis cs_003: float64, float64 
[ 2023-04-10 11:02:00,898 ] 87 root - INFO - Hypothesis cs_004: float64, float64 
[ 2023-04-10 11:02:00,909 ] 87 root - INFO - Hypothesis cs_005: float64, float64 
[ 2023-04-10 11:02:00,919 ] 87 root - INFO - Hypothesis cs_006: float64, float64 
[ 2023-04-10 11:02:00,930 ] 87 root - INFO - Hypothesis cs_007: float64, float64 
[ 2023-04-10 11:02:00,940 ] 87 root - INFO - Hypothesis cs_008: float64, float64 
[ 2023-04-10 11:02:00,980 ] 87 root - INFO - Hypothesis cs_009: float64, float64 
[ 2023-04-10 11:02:01,017 ] 87 root - INFO - Hypothesis dd_000: float64, float64 
[ 2023-04-10 11:02:01,027 ] 87 root - INFO - Hypothesis de_000: float64, float64 
[ 2023-04-10 11:02:01,035 ] 87 root - INFO - Hypothesis df_000: float64, float64 
[ 2023-04-10 11:02:01,072 ] 87 root - INFO - Hypothesis dg_000: float64, float64 
[ 2023-04-10 11:02:01,078 ] 87 root - INFO - Hypothesis dh_000: float64, float64 
[ 2023-04-10 11:02:01,083 ] 87 root - INFO - Hypothesis di_000: float64, float64 
[ 2023-04-10 11:02:01,089 ] 87 root - INFO - Hypothesis dj_000: float64, float64 
[ 2023-04-10 11:02:01,128 ] 87 root - INFO - Hypothesis dk_000: float64, float64 
[ 2023-04-10 11:02:01,165 ] 87 root - INFO - Hypothesis dl_000: float64, float64 
[ 2023-04-10 11:02:01,202 ] 87 root - INFO - Hypothesis dm_000: float64, float64 
[ 2023-04-10 11:02:01,241 ] 87 root - INFO - Hypothesis dn_000: float64, float64 
[ 2023-04-10 11:02:01,252 ] 87 root - INFO - Hypothesis do_000: float64, float64 
[ 2023-04-10 11:02:01,262 ] 87 root - INFO - Hypothesis dp_000: float64, float64 
[ 2023-04-10 11:02:01,272 ] 87 root - INFO - Hypothesis dq_000: float64, float64 
[ 2023-04-10 11:02:01,279 ] 87 root - INFO - Hypothesis dr_000: float64, float64 
[ 2023-04-10 11:02:01,285 ] 87 root - INFO - Hypothesis ds_000: float64, float64 
[ 2023-04-10 11:02:01,296 ] 87 root - INFO - Hypothesis dt_000: float64, float64 
[ 2023-04-10 11:02:01,306 ] 87 root - INFO - Hypothesis du_000: float64, float64 
[ 2023-04-10 11:02:01,316 ] 87 root - INFO - Hypothesis dv_000: float64, float64 
[ 2023-04-10 11:02:01,326 ] 87 root - INFO - Hypothesis dx_000: float64, float64 
[ 2023-04-10 11:02:01,333 ] 87 root - INFO - Hypothesis dy_000: float64, float64 
[ 2023-04-10 11:02:01,341 ] 87 root - INFO - Hypothesis dz_000: float64, float64 
[ 2023-04-10 11:02:01,376 ] 87 root - INFO - Hypothesis ea_000: float64, float64 
[ 2023-04-10 11:02:01,412 ] 87 root - INFO - Hypothesis eb_000: float64, float64 
[ 2023-04-10 11:02:01,421 ] 87 root - INFO - Hypothesis ec_00: float64, float64 
[ 2023-04-10 11:02:01,431 ] 87 root - INFO - Hypothesis ed_000: float64, float64 
[ 2023-04-10 11:02:01,439 ] 87 root - INFO - Hypothesis ee_000: float64, float64 
[ 2023-04-10 11:02:01,450 ] 87 root - INFO - Hypothesis ee_001: float64, float64 
[ 2023-04-10 11:02:01,461 ] 87 root - INFO - Hypothesis ee_002: float64, float64 
[ 2023-04-10 11:02:01,471 ] 87 root - INFO - Hypothesis ee_003: float64, float64 
[ 2023-04-10 11:02:01,481 ] 87 root - INFO - Hypothesis ee_004: float64, float64 
[ 2023-04-10 11:02:01,492 ] 87 root - INFO - Hypothesis ee_005: float64, float64 
[ 2023-04-10 11:02:01,502 ] 87 root - INFO - Hypothesis ee_006: float64, float64 
[ 2023-04-10 11:02:01,512 ] 87 root - INFO - Hypothesis ee_007: float64, float64 
[ 2023-04-10 11:02:01,521 ] 87 root - INFO - Hypothesis ee_008: float64, float64 
[ 2023-04-10 11:02:01,530 ] 87 root - INFO - Hypothesis ee_009: float64, float64 
[ 2023-04-10 11:02:01,538 ] 87 root - INFO - Hypothesis ef_000: float64, float64 
[ 2023-04-10 11:02:01,573 ] 87 root - INFO - Hypothesis eg_000: float64, float64 
[ 2023-04-10 11:02:01,609 ] 142 root - INFO - As all column are available in test df hence detecting data drift
[ 2023-04-10 11:02:01,610 ] 87 root - INFO - Hypothesis class: object, object 
[ 2023-04-10 11:02:01,686 ] 87 root - INFO - Hypothesis aa_000: float64, float64 
[ 2023-04-10 11:02:01,693 ] 87 root - INFO - Hypothesis ac_000: float64, float64 
[ 2023-04-10 11:02:01,699 ] 87 root - INFO - Hypothesis ae_000: float64, float64 
[ 2023-04-10 11:02:01,702 ] 87 root - INFO - Hypothesis af_000: float64, float64 
[ 2023-04-10 11:02:01,705 ] 87 root - INFO - Hypothesis ag_000: float64, float64 
[ 2023-04-10 11:02:01,720 ] 87 root - INFO - Hypothesis ag_001: float64, float64 
[ 2023-04-10 11:02:01,735 ] 87 root - INFO - Hypothesis ag_002: float64, float64 
[ 2023-04-10 11:02:01,750 ] 87 root - INFO - Hypothesis ag_003: float64, float64 
[ 2023-04-10 11:02:01,755 ] 87 root - INFO - Hypothesis ag_004: float64, float64 
[ 2023-04-10 11:02:01,761 ] 87 root - INFO - Hypothesis ag_005: float64, float64 
[ 2023-04-10 11:02:01,768 ] 87 root - INFO - Hypothesis ag_006: float64, float64 
[ 2023-04-10 11:02:01,775 ] 87 root - INFO - Hypothesis ag_007: float64, float64 
[ 2023-04-10 11:02:01,782 ] 87 root - INFO - Hypothesis ag_008: float64, float64 
[ 2023-04-10 11:02:01,787 ] 87 root - INFO - Hypothesis ag_009: float64, float64 
[ 2023-04-10 11:02:01,792 ] 87 root - INFO - Hypothesis ah_000: float64, float64 
[ 2023-04-10 11:02:01,799 ] 87 root - INFO - Hypothesis ai_000: float64, float64 
[ 2023-04-10 11:02:01,803 ] 87 root - INFO - Hypothesis aj_000: float64, float64 
[ 2023-04-10 11:02:01,807 ] 87 root - INFO - Hypothesis ak_000: float64, float64 
[ 2023-04-10 11:02:01,810 ] 87 root - INFO - Hypothesis al_000: float64, float64 
[ 2023-04-10 11:02:01,815 ] 87 root - INFO - Hypothesis am_0: float64, float64 
[ 2023-04-10 11:02:01,820 ] 87 root - INFO - Hypothesis an_000: float64, float64 
[ 2023-04-10 11:02:01,827 ] 87 root - INFO - Hypothesis ao_000: float64, float64 
[ 2023-04-10 11:02:01,834 ] 87 root - INFO - Hypothesis ap_000: float64, float64 
[ 2023-04-10 11:02:01,841 ] 87 root - INFO - Hypothesis aq_000: float64, float64 
[ 2023-04-10 11:02:01,848 ] 87 root - INFO - Hypothesis ar_000: float64, float64 
[ 2023-04-10 11:02:01,852 ] 87 root - INFO - Hypothesis as_000: float64, float64 
[ 2023-04-10 11:02:01,866 ] 87 root - INFO - Hypothesis at_000: float64, float64 
[ 2023-04-10 11:02:01,870 ] 87 root - INFO - Hypothesis au_000: float64, float64 
[ 2023-04-10 11:02:01,885 ] 87 root - INFO - Hypothesis av_000: float64, float64 
[ 2023-04-10 11:02:01,891 ] 87 root - INFO - Hypothesis ax_000: float64, float64 
[ 2023-04-10 11:02:01,896 ] 87 root - INFO - Hypothesis ay_000: float64, float64 
[ 2023-04-10 11:02:01,911 ] 87 root - INFO - Hypothesis ay_001: float64, float64 
[ 2023-04-10 11:02:01,926 ] 87 root - INFO - Hypothesis ay_002: float64, float64 
[ 2023-04-10 11:02:01,941 ] 87 root - INFO - Hypothesis ay_003: float64, float64 
[ 2023-04-10 11:02:01,957 ] 87 root - INFO - Hypothesis ay_004: float64, float64 
[ 2023-04-10 11:02:01,973 ] 87 root - INFO - Hypothesis ay_005: float64, float64 
[ 2023-04-10 11:02:01,978 ] 87 root - INFO - Hypothesis ay_006: float64, float64 
[ 2023-04-10 11:02:01,985 ] 87 root - INFO - Hypothesis ay_007: float64, float64 
[ 2023-04-10 11:02:01,991 ] 87 root - INFO - Hypothesis ay_008: float64, float64 
[ 2023-04-10 11:02:01,998 ] 87 root - INFO - Hypothesis ay_009: float64, float64 
[ 2023-04-10 11:02:02,013 ] 87 root - INFO - Hypothesis az_000: float64, float64 
[ 2023-04-10 11:02:02,020 ] 87 root - INFO - Hypothesis az_001: float64, float64 
[ 2023-04-10 11:02:02,026 ] 87 root - INFO - Hypothesis az_002: float64, float64 
[ 2023-04-10 11:02:02,033 ] 87 root - INFO - Hypothesis az_003: float64, float64 
[ 2023-04-10 11:02:02,039 ] 87 root - INFO - Hypothesis az_004: float64, float64 
[ 2023-04-10 11:02:02,046 ] 87 root - INFO - Hypothesis az_005: float64, float64 
[ 2023-04-10 11:02:02,053 ] 87 root - INFO - Hypothesis az_006: float64, float64 
[ 2023-04-10 11:02:02,060 ] 87 root - INFO - Hypothesis az_007: float64, float64 
[ 2023-04-10 11:02:02,064 ] 87 root - INFO - Hypothesis az_008: float64, float64 
[ 2023-04-10 11:02:02,079 ] 87 root - INFO - Hypothesis az_009: float64, float64 
[ 2023-04-10 11:02:02,094 ] 87 root - INFO - Hypothesis ba_000: float64, float64 
[ 2023-04-10 11:02:02,101 ] 87 root - INFO - Hypothesis ba_001: float64, float64 
[ 2023-04-10 11:02:02,111 ] 87 root - INFO - Hypothesis ba_002: float64, float64 
[ 2023-04-10 11:02:02,119 ] 87 root - INFO - Hypothesis ba_003: float64, float64 
[ 2023-04-10 11:02:02,126 ] 87 root - INFO - Hypothesis ba_004: float64, float64 
[ 2023-04-10 11:02:02,133 ] 87 root - INFO - Hypothesis ba_005: float64, float64 
[ 2023-04-10 11:02:02,141 ] 87 root - INFO - Hypothesis ba_006: float64, float64 
[ 2023-04-10 11:02:02,149 ] 87 root - INFO - Hypothesis ba_007: float64, float64 
[ 2023-04-10 11:02:02,170 ] 87 root - INFO - Hypothesis ba_008: float64, float64 
[ 2023-04-10 11:02:02,176 ] 87 root - INFO - Hypothesis ba_009: float64, float64 
[ 2023-04-10 11:02:02,181 ] 87 root - INFO - Hypothesis bb_000: float64, float64 
[ 2023-04-10 11:02:02,188 ] 87 root - INFO - Hypothesis bc_000: float64, float64 
[ 2023-04-10 11:02:02,193 ] 87 root - INFO - Hypothesis bd_000: float64, float64 
[ 2023-04-10 11:02:02,198 ] 87 root - INFO - Hypothesis be_000: float64, float64 
[ 2023-04-10 11:02:02,204 ] 87 root - INFO - Hypothesis bf_000: float64, float64 
[ 2023-04-10 11:02:02,209 ] 87 root - INFO - Hypothesis bg_000: float64, float64 
[ 2023-04-10 11:02:02,216 ] 87 root - INFO - Hypothesis bh_000: float64, float64 
[ 2023-04-10 11:02:02,223 ] 87 root - INFO - Hypothesis bi_000: float64, float64 
[ 2023-04-10 11:02:02,230 ] 87 root - INFO - Hypothesis bj_000: float64, float64 
[ 2023-04-10 11:02:02,237 ] 87 root - INFO - Hypothesis bs_000: float64, float64 
[ 2023-04-10 11:02:02,244 ] 87 root - INFO - Hypothesis bt_000: float64, float64 
[ 2023-04-10 11:02:02,251 ] 87 root - INFO - Hypothesis bu_000: float64, float64 
[ 2023-04-10 11:02:02,258 ] 87 root - INFO - Hypothesis bv_000: float64, float64 
[ 2023-04-10 11:02:02,265 ] 87 root - INFO - Hypothesis bx_000: float64, float64 
[ 2023-04-10 11:02:02,272 ] 87 root - INFO - Hypothesis by_000: float64, float64 
[ 2023-04-10 11:02:02,279 ] 87 root - INFO - Hypothesis bz_000: float64, float64 
[ 2023-04-10 11:02:02,285 ] 87 root - INFO - Hypothesis ca_000: float64, float64 
[ 2023-04-10 11:02:02,292 ] 87 root - INFO - Hypothesis cb_000: float64, float64 
[ 2023-04-10 11:02:02,300 ] 87 root - INFO - Hypothesis cc_000: float64, float64 
[ 2023-04-10 11:02:02,307 ] 87 root - INFO - Hypothesis cd_000: float64, float64 
[ 2023-04-10 11:02:02,323 ] 87 root - INFO - Hypothesis ce_000: float64, float64 
[ 2023-04-10 11:02:02,330 ] 87 root - INFO - Hypothesis ci_000: float64, float64 
[ 2023-04-10 11:02:02,337 ] 87 root - INFO - Hypothesis cj_000: float64, float64 
[ 2023-04-10 11:02:02,341 ] 87 root - INFO - Hypothesis ck_000: float64, float64 
[ 2023-04-10 11:02:02,348 ] 87 root - INFO - Hypothesis cl_000: float64, float64 
[ 2023-04-10 11:02:02,352 ] 87 root - INFO - Hypothesis cm_000: float64, float64 
[ 2023-04-10 11:02:02,357 ] 87 root - INFO - Hypothesis cn_000: float64, float64 
[ 2023-04-10 11:02:02,372 ] 87 root - INFO - Hypothesis cn_001: float64, float64 
[ 2023-04-10 11:02:02,376 ] 87 root - INFO - Hypothesis cn_002: float64, float64 
[ 2023-04-10 11:02:02,381 ] 87 root - INFO - Hypothesis cn_003: float64, float64 
[ 2023-04-10 11:02:02,388 ] 87 root - INFO - Hypothesis cn_004: float64, float64 
[ 2023-04-10 11:02:02,395 ] 87 root - INFO - Hypothesis cn_005: float64, float64 
[ 2023-04-10 11:02:02,402 ] 87 root - INFO - Hypothesis cn_006: float64, float64 
[ 2023-04-10 11:02:02,409 ] 87 root - INFO - Hypothesis cn_007: float64, float64 
[ 2023-04-10 11:02:02,415 ] 87 root - INFO - Hypothesis cn_008: float64, float64 
[ 2023-04-10 11:02:02,421 ] 87 root - INFO - Hypothesis cn_009: float64, float64 
[ 2023-04-10 11:02:02,426 ] 87 root - INFO - Hypothesis cp_000: float64, float64 
[ 2023-04-10 11:02:02,432 ] 87 root - INFO - Hypothesis cq_000: float64, float64 
[ 2023-04-10 11:02:02,438 ] 87 root - INFO - Hypothesis cs_000: float64, float64 
[ 2023-04-10 11:02:02,445 ] 87 root - INFO - Hypothesis cs_001: float64, float64 
[ 2023-04-10 11:02:02,451 ] 87 root - INFO - Hypothesis cs_002: float64, float64 
[ 2023-04-10 11:02:02,457 ] 87 root - INFO - Hypothesis cs_003: float64, float64 
[ 2023-04-10 11:02:02,464 ] 87 root - INFO - Hypothesis cs_004: float64, float64 
[ 2023-04-10 11:02:02,471 ] 87 root - INFO - Hypothesis cs_005: float64, float64 
[ 2023-04-10 11:02:02,478 ] 87 root - INFO - Hypothesis cs_006: float64, float64 
[ 2023-04-10 11:02:02,485 ] 87 root - INFO - Hypothesis cs_007: float64, float64 
[ 2023-04-10 11:02:02,492 ] 87 root - INFO - Hypothesis cs_008: float64, float64 
[ 2023-04-10 11:02:02,497 ] 87 root - INFO - Hypothesis cs_009: float64, float64 
[ 2023-04-10 11:02:02,513 ] 87 root - INFO - Hypothesis dd_000: float64, float64 
[ 2023-04-10 11:02:02,519 ] 87 root - INFO - Hypothesis de_000: float64, float64 
[ 2023-04-10 11:02:02,524 ] 87 root - INFO - Hypothesis df_000: float64, float64 
[ 2023-04-10 11:02:02,528 ] 87 root - INFO - Hypothesis dg_000: float64, float64 
[ 2023-04-10 11:02:02,531 ] 87 root - INFO - Hypothesis dh_000: float64, float64 
[ 2023-04-10 11:02:02,534 ] 87 root - INFO - Hypothesis di_000: float64, float64 
[ 2023-04-10 11:02:02,538 ] 87 root - INFO - Hypothesis dj_000: float64, float64 
[ 2023-04-10 11:02:02,542 ] 87 root - INFO - Hypothesis dk_000: float64, float64 
[ 2023-04-10 11:02:02,545 ] 87 root - INFO - Hypothesis dl_000: float64, float64 
[ 2023-04-10 11:02:02,548 ] 87 root - INFO - Hypothesis dm_000: float64, float64 
[ 2023-04-10 11:02:02,551 ] 87 root - INFO - Hypothesis dn_000: float64, float64 
[ 2023-04-10 11:02:02,558 ] 87 root - INFO - Hypothesis do_000: float64, float64 
[ 2023-04-10 11:02:02,564 ] 87 root - INFO - Hypothesis dp_000: float64, float64 
[ 2023-04-10 11:02:02,570 ] 87 root - INFO - Hypothesis dq_000: float64, float64 
[ 2023-04-10 11:02:02,574 ] 87 root - INFO - Hypothesis dr_000: float64, float64 
[ 2023-04-10 11:02:02,579 ] 87 root - INFO - Hypothesis ds_000: float64, float64 
[ 2023-04-10 11:02:02,585 ] 87 root - INFO - Hypothesis dt_000: float64, float64 
[ 2023-04-10 11:02:02,592 ] 87 root - INFO - Hypothesis du_000: float64, float64 
[ 2023-04-10 11:02:02,599 ] 87 root - INFO - Hypothesis dv_000: float64, float64 
[ 2023-04-10 11:02:02,606 ] 87 root - INFO - Hypothesis dx_000: float64, float64 
[ 2023-04-10 11:02:02,611 ] 87 root - INFO - Hypothesis dy_000: float64, float64 
[ 2023-04-10 11:02:02,616 ] 87 root - INFO - Hypothesis dz_000: float64, float64 
[ 2023-04-10 11:02:02,619 ] 87 root - INFO - Hypothesis ea_000: float64, float64 
[ 2023-04-10 11:02:02,622 ] 87 root - INFO - Hypothesis eb_000: float64, float64 
[ 2023-04-10 11:02:02,628 ] 87 root - INFO - Hypothesis ec_00: float64, float64 
[ 2023-04-10 11:02:02,635 ] 87 root - INFO - Hypothesis ed_000: float64, float64 
[ 2023-04-10 11:02:02,641 ] 87 root - INFO - Hypothesis ee_000: float64, float64 
[ 2023-04-10 11:02:02,648 ] 87 root - INFO - Hypothesis ee_001: float64, float64 
[ 2023-04-10 11:02:02,655 ] 87 root - INFO - Hypothesis ee_002: float64, float64 
[ 2023-04-10 11:02:02,662 ] 87 root - INFO - Hypothesis ee_003: float64, float64 
[ 2023-04-10 11:02:02,669 ] 87 root - INFO - Hypothesis ee_004: float64, float64 
[ 2023-04-10 11:02:02,676 ] 87 root - INFO - Hypothesis ee_005: float64, float64 
[ 2023-04-10 11:02:02,683 ] 87 root - INFO - Hypothesis ee_006: float64, float64 
[ 2023-04-10 11:02:02,689 ] 87 root - INFO - Hypothesis ee_007: float64, float64 
[ 2023-04-10 11:02:02,696 ] 87 root - INFO - Hypothesis ee_008: float64, float64 
[ 2023-04-10 11:02:02,702 ] 87 root - INFO - Hypothesis ee_009: float64, float64 
[ 2023-04-10 11:02:02,707 ] 87 root - INFO - Hypothesis ef_000: float64, float64 
[ 2023-04-10 11:02:02,710 ] 87 root - INFO - Hypothesis eg_000: float64, float64 
[ 2023-04-10 11:02:02,713 ] 146 root - INFO - Write reprt in yaml file
[ 2023-04-10 11:02:02,783 ] 151 root - INFO - Data validation artifact: DataValidationArtifact(report_file_path='/config/workspace/artifact/04102023__110144/data_validation/report.yaml')
