[ 2023-04-13 18:05:03,129 ] 16 root - INFO - >>>>>>>>>>>>>>>>>>>>>>>>>>>>>>>>>>>>>>>> Data Ingestion <<<<<<<<<<<<<<<<<<<<<<<<<<<<<<<<<<<<<<<<
[ 2023-04-13 18:05:03,130 ] 23 root - INFO - Exporting collection data as pandas dataframe
[ 2023-04-13 18:05:03,130 ] 22 root - INFO - Reading data from database: aps and collection: sensor
[ 2023-04-13 18:05:10,962 ] 24 root - INFO - Found columns: Index(['_id', 'class', 'aa_000', 'ab_000', 'ac_000', 'ad_000', 'ae_000',
       'af_000', 'ag_000', 'ag_001',
       ...
       'ee_002', 'ee_003', 'ee_004', 'ee_005', 'ee_006', 'ee_007', 'ee_008',
       'ee_009', 'ef_000', 'eg_000'],
      dtype='object', length=172)
[ 2023-04-13 18:05:10,963 ] 26 root - INFO - Dropping column: _id 
[ 2023-04-13 18:05:11,729 ] 28 root - INFO - Row and columns in df: (36188, 171)
[ 2023-04-13 18:05:11,729 ] 29 root - INFO - Save data in feature store
[ 2023-04-13 18:05:14,789 ] 35 root - INFO - Create feature store folder if not available
[ 2023-04-13 18:05:14,790 ] 39 root - INFO - Save df to feature store folder
[ 2023-04-13 18:05:18,125 ] 44 root - INFO - split dataset into train and test set
[ 2023-04-13 18:05:18,851 ] 48 root - INFO - create dataset directory folder if not available
[ 2023-04-13 18:05:18,851 ] 53 root - INFO - Save df to feature store folder
[ 2023-04-13 18:05:22,591 ] 65 root - INFO - Data ingestion artifact: DataIngestionArtifact(feature_store_file_path='/config/workspace/artifact/04132023__180503/data_ingestion/feature_store/sensor.csv', train_file_path='/config/workspace/artifact/04132023__180503/data_ingestion/dataset/train.csv', test_file_path='/config/workspace/artifact/04132023__180503/data_ingestion/dataset/test.csv')
[ 2023-04-13 18:05:23,667 ] 21 root - INFO - >>>>>>>>>>>>>>>>>>>>>>>>>>>>>>>>>>>>>>>> Data Validation <<<<<<<<<<<<<<<<<<<<<<<<<<<<<<<<<<<<<<<<
[ 2023-04-13 18:05:23,667 ] 109 root - INFO - Reading base dataframe
[ 2023-04-13 18:05:28,219 ] 112 root - INFO - Replace na value in base df
[ 2023-04-13 18:05:28,219 ] 114 root - INFO - Drop null values colums from base df
[ 2023-04-13 18:05:28,584 ] 43 root - INFO - selecting column name which contains null above to 0.2
[ 2023-04-13 18:05:28,585 ] 46 root - INFO - Columns to drop: ['ab_000', 'ad_000', 'bk_000', 'bl_000', 'bm_000', 'bn_000', 'bo_000', 'bp_000', 'bq_000', 'br_000', 'cf_000', 'cg_000', 'ch_000', 'co_000', 'cr_000', 'ct_000', 'cu_000', 'cv_000', 'cx_000', 'cy_000', 'cz_000', 'da_000', 'db_000', 'dc_000']
[ 2023-04-13 18:05:28,728 ] 117 root - INFO - Reading train dataframe
[ 2023-04-13 18:05:29,346 ] 119 root - INFO - Reading test dataframe
[ 2023-04-13 18:05:29,514 ] 122 root - INFO - Drop null values colums from train df
[ 2023-04-13 18:05:29,530 ] 43 root - INFO - selecting column name which contains null above to 0.2
[ 2023-04-13 18:05:29,531 ] 46 root - INFO - Columns to drop: ['ab_000', 'ad_000', 'bk_000', 'bl_000', 'bm_000', 'bn_000', 'bo_000', 'bp_000', 'bq_000', 'br_000', 'cf_000', 'cg_000', 'ch_000', 'co_000', 'cr_000', 'ct_000', 'cu_000', 'cv_000', 'cx_000', 'cy_000', 'cz_000', 'da_000', 'db_000', 'dc_000']
[ 2023-04-13 18:05:29,552 ] 124 root - INFO - Drop null values colums from test df
[ 2023-04-13 18:05:29,558 ] 43 root - INFO - selecting column name which contains null above to 0.2
[ 2023-04-13 18:05:29,559 ] 46 root - INFO - Columns to drop: ['ab_000', 'ad_000', 'bk_000', 'bl_000', 'bm_000', 'bn_000', 'bo_000', 'bp_000', 'bq_000', 'br_000', 'cf_000', 'cg_000', 'ch_000', 'co_000', 'cr_000', 'ct_000', 'cu_000', 'cv_000', 'cx_000', 'cy_000', 'cz_000', 'da_000', 'db_000', 'dc_000']
[ 2023-04-13 18:05:30,925 ] 133 root - INFO - Is all required columns present in train df
[ 2023-04-13 18:05:30,925 ] 135 root - INFO - Is all required columns present in test df
[ 2023-04-13 18:05:30,926 ] 139 root - INFO - As all column are available in train df hence detecting data drift
[ 2023-04-13 18:05:30,926 ] 87 root - INFO - Hypothesis class: object, object 
[ 2023-04-13 18:05:31,123 ] 87 root - INFO - Hypothesis aa_000: float64, float64 
[ 2023-04-13 18:05:31,138 ] 87 root - INFO - Hypothesis ac_000: float64, float64 
[ 2023-04-13 18:05:31,151 ] 87 root - INFO - Hypothesis ae_000: float64, float64 
[ 2023-04-13 18:05:31,201 ] 87 root - INFO - Hypothesis af_000: float64, float64 
[ 2023-04-13 18:05:31,249 ] 87 root - INFO - Hypothesis ag_000: float64, float64 
[ 2023-04-13 18:05:31,298 ] 87 root - INFO - Hypothesis ag_001: float64, float64 
[ 2023-04-13 18:05:31,348 ] 87 root - INFO - Hypothesis ag_002: float64, float64 
[ 2023-04-13 18:05:31,397 ] 87 root - INFO - Hypothesis ag_003: float64, float64 
[ 2023-04-13 18:05:31,450 ] 87 root - INFO - Hypothesis ag_004: float64, float64 
[ 2023-04-13 18:05:31,464 ] 87 root - INFO - Hypothesis ag_005: float64, float64 
[ 2023-04-13 18:05:31,479 ] 87 root - INFO - Hypothesis ag_006: float64, float64 
[ 2023-04-13 18:05:31,494 ] 87 root - INFO - Hypothesis ag_007: float64, float64 
[ 2023-04-13 18:05:31,550 ] 87 root - INFO - Hypothesis ag_008: float64, float64 
[ 2023-04-13 18:05:31,605 ] 87 root - INFO - Hypothesis ag_009: float64, float64 
[ 2023-04-13 18:05:31,657 ] 87 root - INFO - Hypothesis ah_000: float64, float64 
[ 2023-04-13 18:05:31,679 ] 87 root - INFO - Hypothesis ai_000: float64, float64 
[ 2023-04-13 18:05:31,728 ] 87 root - INFO - Hypothesis aj_000: float64, float64 
[ 2023-04-13 18:05:31,780 ] 87 root - INFO - Hypothesis ak_000: float64, float64 
[ 2023-04-13 18:05:31,829 ] 87 root - INFO - Hypothesis al_000: float64, float64 
[ 2023-04-13 18:05:31,884 ] 87 root - INFO - Hypothesis am_0: float64, float64 
[ 2023-04-13 18:05:31,938 ] 87 root - INFO - Hypothesis an_000: float64, float64 
[ 2023-04-13 18:05:31,953 ] 87 root - INFO - Hypothesis ao_000: float64, float64 
[ 2023-04-13 18:05:31,968 ] 87 root - INFO - Hypothesis ap_000: float64, float64 
[ 2023-04-13 18:05:31,983 ] 87 root - INFO - Hypothesis aq_000: float64, float64 
[ 2023-04-13 18:05:31,999 ] 87 root - INFO - Hypothesis ar_000: float64, float64 
[ 2023-04-13 18:05:32,048 ] 87 root - INFO - Hypothesis as_000: float64, float64 
[ 2023-04-13 18:05:32,056 ] 87 root - INFO - Hypothesis at_000: float64, float64 
[ 2023-04-13 18:05:32,107 ] 87 root - INFO - Hypothesis au_000: float64, float64 
[ 2023-04-13 18:05:32,156 ] 87 root - INFO - Hypothesis av_000: float64, float64 
[ 2023-04-13 18:05:32,169 ] 87 root - INFO - Hypothesis ax_000: float64, float64 
[ 2023-04-13 18:05:32,182 ] 87 root - INFO - Hypothesis ay_000: float64, float64 
[ 2023-04-13 18:05:32,231 ] 87 root - INFO - Hypothesis ay_001: float64, float64 
[ 2023-04-13 18:05:32,280 ] 87 root - INFO - Hypothesis ay_002: float64, float64 
[ 2023-04-13 18:05:32,329 ] 87 root - INFO - Hypothesis ay_003: float64, float64 
[ 2023-04-13 18:05:32,378 ] 87 root - INFO - Hypothesis ay_004: float64, float64 
[ 2023-04-13 18:05:32,428 ] 87 root - INFO - Hypothesis ay_005: float64, float64 
[ 2023-04-13 18:05:32,482 ] 87 root - INFO - Hypothesis ay_006: float64, float64 
[ 2023-04-13 18:05:32,538 ] 87 root - INFO - Hypothesis ay_007: float64, float64 
[ 2023-04-13 18:05:32,552 ] 87 root - INFO - Hypothesis ay_008: float64, float64 
[ 2023-04-13 18:05:32,567 ] 87 root - INFO - Hypothesis ay_009: float64, float64 
[ 2023-04-13 18:05:32,616 ] 87 root - INFO - Hypothesis az_000: float64, float64 
[ 2023-04-13 18:05:32,630 ] 87 root - INFO - Hypothesis az_001: float64, float64 
[ 2023-04-13 18:05:32,644 ] 87 root - INFO - Hypothesis az_002: float64, float64 
[ 2023-04-13 18:05:32,658 ] 87 root - INFO - Hypothesis az_003: float64, float64 
[ 2023-04-13 18:05:32,714 ] 87 root - INFO - Hypothesis az_004: float64, float64 
[ 2023-04-13 18:05:32,729 ] 87 root - INFO - Hypothesis az_005: float64, float64 
[ 2023-04-13 18:05:32,744 ] 87 root - INFO - Hypothesis az_006: float64, float64 
[ 2023-04-13 18:05:32,758 ] 87 root - INFO - Hypothesis az_007: float64, float64 
[ 2023-04-13 18:05:32,809 ] 87 root - INFO - Hypothesis az_008: float64, float64 
[ 2023-04-13 18:05:32,858 ] 87 root - INFO - Hypothesis az_009: float64, float64 
[ 2023-04-13 18:05:32,907 ] 87 root - INFO - Hypothesis ba_000: float64, float64 
[ 2023-04-13 18:05:32,922 ] 87 root - INFO - Hypothesis ba_001: float64, float64 
[ 2023-04-13 18:05:32,937 ] 87 root - INFO - Hypothesis ba_002: float64, float64 
[ 2023-04-13 18:05:32,952 ] 87 root - INFO - Hypothesis ba_003: float64, float64 
[ 2023-04-13 18:05:32,967 ] 87 root - INFO - Hypothesis ba_004: float64, float64 
[ 2023-04-13 18:05:32,982 ] 87 root - INFO - Hypothesis ba_005: float64, float64 
[ 2023-04-13 18:05:32,997 ] 87 root - INFO - Hypothesis ba_006: float64, float64 
[ 2023-04-13 18:05:33,012 ] 87 root - INFO - Hypothesis ba_007: float64, float64 
[ 2023-04-13 18:05:33,026 ] 87 root - INFO - Hypothesis ba_008: float64, float64 
[ 2023-04-13 18:05:33,038 ] 87 root - INFO - Hypothesis ba_009: float64, float64 
[ 2023-04-13 18:05:33,092 ] 87 root - INFO - Hypothesis bb_000: float64, float64 
[ 2023-04-13 18:05:33,107 ] 87 root - INFO - Hypothesis bc_000: float64, float64 
[ 2023-04-13 18:05:33,162 ] 87 root - INFO - Hypothesis bd_000: float64, float64 
[ 2023-04-13 18:05:33,175 ] 87 root - INFO - Hypothesis be_000: float64, float64 
[ 2023-04-13 18:05:33,188 ] 87 root - INFO - Hypothesis bf_000: float64, float64 
[ 2023-04-13 18:05:33,199 ] 87 root - INFO - Hypothesis bg_000: float64, float64 
[ 2023-04-13 18:05:33,214 ] 87 root - INFO - Hypothesis bh_000: float64, float64 
[ 2023-04-13 18:05:33,230 ] 87 root - INFO - Hypothesis bi_000: float64, float64 
[ 2023-04-13 18:05:33,245 ] 87 root - INFO - Hypothesis bj_000: float64, float64 
[ 2023-04-13 18:05:33,260 ] 87 root - INFO - Hypothesis bs_000: float64, float64 
[ 2023-04-13 18:05:33,275 ] 87 root - INFO - Hypothesis bt_000: float64, float64 
[ 2023-04-13 18:05:33,290 ] 87 root - INFO - Hypothesis bu_000: float64, float64 
[ 2023-04-13 18:05:33,306 ] 87 root - INFO - Hypothesis bv_000: float64, float64 
[ 2023-04-13 18:05:33,320 ] 87 root - INFO - Hypothesis bx_000: float64, float64 
[ 2023-04-13 18:05:33,335 ] 87 root - INFO - Hypothesis by_000: float64, float64 
[ 2023-04-13 18:05:33,350 ] 87 root - INFO - Hypothesis bz_000: float64, float64 
[ 2023-04-13 18:05:33,364 ] 87 root - INFO - Hypothesis ca_000: float64, float64 
[ 2023-04-13 18:05:33,379 ] 87 root - INFO - Hypothesis cb_000: float64, float64 
[ 2023-04-13 18:05:33,394 ] 87 root - INFO - Hypothesis cc_000: float64, float64 
[ 2023-04-13 18:05:33,409 ] 87 root - INFO - Hypothesis cd_000: float64, float64 
[ 2023-04-13 18:05:33,459 ] 87 root - INFO - Hypothesis ce_000: float64, float64 
[ 2023-04-13 18:05:33,514 ] 87 root - INFO - Hypothesis ci_000: float64, float64 
[ 2023-04-13 18:05:33,529 ] 87 root - INFO - Hypothesis cj_000: float64, float64 
[ 2023-04-13 18:05:33,580 ] 87 root - INFO - Hypothesis ck_000: float64, float64 
[ 2023-04-13 18:05:33,595 ] 87 root - INFO - Hypothesis cl_000: float64, float64 
[ 2023-04-13 18:05:33,606 ] 87 root - INFO - Hypothesis cm_000: float64, float64 
[ 2023-04-13 18:05:33,617 ] 87 root - INFO - Hypothesis cn_000: float64, float64 
[ 2023-04-13 18:05:33,666 ] 87 root - INFO - Hypothesis cn_001: float64, float64 
[ 2023-04-13 18:05:33,718 ] 87 root - INFO - Hypothesis cn_002: float64, float64 
[ 2023-04-13 18:05:33,730 ] 87 root - INFO - Hypothesis cn_003: float64, float64 
[ 2023-04-13 18:05:33,746 ] 87 root - INFO - Hypothesis cn_004: float64, float64 
[ 2023-04-13 18:05:33,761 ] 87 root - INFO - Hypothesis cn_005: float64, float64 
[ 2023-04-13 18:05:33,776 ] 87 root - INFO - Hypothesis cn_006: float64, float64 
[ 2023-04-13 18:05:33,791 ] 87 root - INFO - Hypothesis cn_007: float64, float64 
[ 2023-04-13 18:05:33,805 ] 87 root - INFO - Hypothesis cn_008: float64, float64 
[ 2023-04-13 18:05:33,818 ] 87 root - INFO - Hypothesis cn_009: float64, float64 
[ 2023-04-13 18:05:33,831 ] 87 root - INFO - Hypothesis cp_000: float64, float64 
[ 2023-04-13 18:05:33,843 ] 87 root - INFO - Hypothesis cq_000: float64, float64 
[ 2023-04-13 18:05:33,858 ] 87 root - INFO - Hypothesis cs_000: float64, float64 
[ 2023-04-13 18:05:33,872 ] 87 root - INFO - Hypothesis cs_001: float64, float64 
[ 2023-04-13 18:05:33,885 ] 87 root - INFO - Hypothesis cs_002: float64, float64 
[ 2023-04-13 18:05:33,900 ] 87 root - INFO - Hypothesis cs_003: float64, float64 
[ 2023-04-13 18:05:33,915 ] 87 root - INFO - Hypothesis cs_004: float64, float64 
[ 2023-04-13 18:05:33,930 ] 87 root - INFO - Hypothesis cs_005: float64, float64 
[ 2023-04-13 18:05:33,946 ] 87 root - INFO - Hypothesis cs_006: float64, float64 
[ 2023-04-13 18:05:33,961 ] 87 root - INFO - Hypothesis cs_007: float64, float64 
[ 2023-04-13 18:05:33,976 ] 87 root - INFO - Hypothesis cs_008: float64, float64 
[ 2023-04-13 18:05:34,030 ] 87 root - INFO - Hypothesis cs_009: float64, float64 
[ 2023-04-13 18:05:34,080 ] 87 root - INFO - Hypothesis dd_000: float64, float64 
[ 2023-04-13 18:05:34,139 ] 87 root - INFO - Hypothesis de_000: float64, float64 
[ 2023-04-13 18:05:34,195 ] 87 root - INFO - Hypothesis df_000: float64, float64 
[ 2023-04-13 18:05:34,253 ] 87 root - INFO - Hypothesis dg_000: float64, float64 
[ 2023-04-13 18:05:34,303 ] 87 root - INFO - Hypothesis dh_000: float64, float64 
[ 2023-04-13 18:05:34,355 ] 87 root - INFO - Hypothesis di_000: float64, float64 
[ 2023-04-13 18:05:34,406 ] 87 root - INFO - Hypothesis dj_000: float64, float64 
[ 2023-04-13 18:05:34,455 ] 87 root - INFO - Hypothesis dk_000: float64, float64 
[ 2023-04-13 18:05:34,505 ] 87 root - INFO - Hypothesis dl_000: float64, float64 
[ 2023-04-13 18:05:34,554 ] 87 root - INFO - Hypothesis dm_000: float64, float64 
[ 2023-04-13 18:05:34,603 ] 87 root - INFO - Hypothesis dn_000: float64, float64 
[ 2023-04-13 18:05:34,618 ] 87 root - INFO - Hypothesis do_000: float64, float64 
[ 2023-04-13 18:05:34,632 ] 87 root - INFO - Hypothesis dp_000: float64, float64 
[ 2023-04-13 18:05:34,646 ] 87 root - INFO - Hypothesis dq_000: float64, float64 
[ 2023-04-13 18:05:34,697 ] 87 root - INFO - Hypothesis dr_000: float64, float64 
[ 2023-04-13 18:05:34,750 ] 87 root - INFO - Hypothesis ds_000: float64, float64 
[ 2023-04-13 18:05:34,764 ] 87 root - INFO - Hypothesis dt_000: float64, float64 
[ 2023-04-13 18:05:34,779 ] 87 root - INFO - Hypothesis du_000: float64, float64 
[ 2023-04-13 18:05:34,794 ] 87 root - INFO - Hypothesis dv_000: float64, float64 
[ 2023-04-13 18:05:34,808 ] 87 root - INFO - Hypothesis dx_000: float64, float64 
[ 2023-04-13 18:05:34,861 ] 87 root - INFO - Hypothesis dy_000: float64, float64 
[ 2023-04-13 18:05:34,914 ] 87 root - INFO - Hypothesis dz_000: float64, float64 
[ 2023-04-13 18:05:34,963 ] 87 root - INFO - Hypothesis ea_000: float64, float64 
[ 2023-04-13 18:05:35,011 ] 87 root - INFO - Hypothesis eb_000: float64, float64 
[ 2023-04-13 18:05:35,024 ] 87 root - INFO - Hypothesis ec_00: float64, float64 
[ 2023-04-13 18:05:35,038 ] 87 root - INFO - Hypothesis ed_000: float64, float64 
[ 2023-04-13 18:05:35,052 ] 87 root - INFO - Hypothesis ee_000: float64, float64 
[ 2023-04-13 18:05:35,067 ] 87 root - INFO - Hypothesis ee_001: float64, float64 
[ 2023-04-13 18:05:35,082 ] 87 root - INFO - Hypothesis ee_002: float64, float64 
[ 2023-04-13 18:05:35,098 ] 87 root - INFO - Hypothesis ee_003: float64, float64 
[ 2023-04-13 18:05:35,113 ] 87 root - INFO - Hypothesis ee_004: float64, float64 
[ 2023-04-13 18:05:35,128 ] 87 root - INFO - Hypothesis ee_005: float64, float64 
[ 2023-04-13 18:05:35,143 ] 87 root - INFO - Hypothesis ee_006: float64, float64 
[ 2023-04-13 18:05:35,157 ] 87 root - INFO - Hypothesis ee_007: float64, float64 
[ 2023-04-13 18:05:35,171 ] 87 root - INFO - Hypothesis ee_008: float64, float64 
[ 2023-04-13 18:05:35,185 ] 87 root - INFO - Hypothesis ee_009: float64, float64 
[ 2023-04-13 18:05:35,197 ] 87 root - INFO - Hypothesis ef_000: float64, float64 
[ 2023-04-13 18:05:35,246 ] 87 root - INFO - Hypothesis eg_000: float64, float64 
[ 2023-04-13 18:05:35,295 ] 142 root - INFO - As all column are available in test df hence detecting data drift
[ 2023-04-13 18:05:35,295 ] 87 root - INFO - Hypothesis class: object, object 
[ 2023-04-13 18:05:35,409 ] 87 root - INFO - Hypothesis aa_000: float64, float64 
[ 2023-04-13 18:05:35,419 ] 87 root - INFO - Hypothesis ac_000: float64, float64 
[ 2023-04-13 18:05:35,428 ] 87 root - INFO - Hypothesis ae_000: float64, float64 
[ 2023-04-13 18:05:35,450 ] 87 root - INFO - Hypothesis af_000: float64, float64 
[ 2023-04-13 18:05:35,472 ] 87 root - INFO - Hypothesis ag_000: float64, float64 
[ 2023-04-13 18:05:35,493 ] 87 root - INFO - Hypothesis ag_001: float64, float64 
[ 2023-04-13 18:05:35,515 ] 87 root - INFO - Hypothesis ag_002: float64, float64 
[ 2023-04-13 18:05:35,537 ] 87 root - INFO - Hypothesis ag_003: float64, float64 
[ 2023-04-13 18:05:35,544 ] 87 root - INFO - Hypothesis ag_004: float64, float64 
[ 2023-04-13 18:05:35,555 ] 87 root - INFO - Hypothesis ag_005: float64, float64 
[ 2023-04-13 18:05:35,565 ] 87 root - INFO - Hypothesis ag_006: float64, float64 
[ 2023-04-13 18:05:35,576 ] 87 root - INFO - Hypothesis ag_007: float64, float64 
[ 2023-04-13 18:05:35,585 ] 87 root - INFO - Hypothesis ag_008: float64, float64 
[ 2023-04-13 18:05:35,595 ] 87 root - INFO - Hypothesis ag_009: float64, float64 
[ 2023-04-13 18:05:35,603 ] 87 root - INFO - Hypothesis ah_000: float64, float64 
[ 2023-04-13 18:05:35,613 ] 87 root - INFO - Hypothesis ai_000: float64, float64 
[ 2023-04-13 18:05:35,619 ] 87 root - INFO - Hypothesis aj_000: float64, float64 
[ 2023-04-13 18:05:35,626 ] 87 root - INFO - Hypothesis ak_000: float64, float64 
[ 2023-04-13 18:05:35,649 ] 87 root - INFO - Hypothesis al_000: float64, float64 
[ 2023-04-13 18:05:35,657 ] 87 root - INFO - Hypothesis am_0: float64, float64 
[ 2023-04-13 18:05:35,665 ] 87 root - INFO - Hypothesis an_000: float64, float64 
[ 2023-04-13 18:05:35,675 ] 87 root - INFO - Hypothesis ao_000: float64, float64 
[ 2023-04-13 18:05:35,686 ] 87 root - INFO - Hypothesis ap_000: float64, float64 
[ 2023-04-13 18:05:35,696 ] 87 root - INFO - Hypothesis aq_000: float64, float64 
[ 2023-04-13 18:05:35,707 ] 87 root - INFO - Hypothesis ar_000: float64, float64 
[ 2023-04-13 18:05:35,729 ] 87 root - INFO - Hypothesis as_000: float64, float64 
[ 2023-04-13 18:05:35,735 ] 87 root - INFO - Hypothesis at_000: float64, float64 
[ 2023-04-13 18:05:35,757 ] 87 root - INFO - Hypothesis au_000: float64, float64 
[ 2023-04-13 18:05:35,779 ] 87 root - INFO - Hypothesis av_000: float64, float64 
[ 2023-04-13 18:05:35,788 ] 87 root - INFO - Hypothesis ax_000: float64, float64 
[ 2023-04-13 18:05:35,796 ] 87 root - INFO - Hypothesis ay_000: float64, float64 
[ 2023-04-13 18:05:35,818 ] 87 root - INFO - Hypothesis ay_001: float64, float64 
[ 2023-04-13 18:05:35,839 ] 87 root - INFO - Hypothesis ay_002: float64, float64 
[ 2023-04-13 18:05:35,861 ] 87 root - INFO - Hypothesis ay_003: float64, float64 
[ 2023-04-13 18:05:35,883 ] 87 root - INFO - Hypothesis ay_004: float64, float64 
[ 2023-04-13 18:05:35,888 ] 87 root - INFO - Hypothesis ay_005: float64, float64 
[ 2023-04-13 18:05:35,897 ] 87 root - INFO - Hypothesis ay_006: float64, float64 
[ 2023-04-13 18:05:35,906 ] 87 root - INFO - Hypothesis ay_007: float64, float64 
[ 2023-04-13 18:05:35,916 ] 87 root - INFO - Hypothesis ay_008: float64, float64 
[ 2023-04-13 18:05:35,927 ] 87 root - INFO - Hypothesis ay_009: float64, float64 
[ 2023-04-13 18:05:35,948 ] 87 root - INFO - Hypothesis az_000: float64, float64 
[ 2023-04-13 18:05:35,958 ] 87 root - INFO - Hypothesis az_001: float64, float64 
[ 2023-04-13 18:05:35,968 ] 87 root - INFO - Hypothesis az_002: float64, float64 
[ 2023-04-13 18:05:35,978 ] 87 root - INFO - Hypothesis az_003: float64, float64 
[ 2023-04-13 18:05:35,988 ] 87 root - INFO - Hypothesis az_004: float64, float64 
[ 2023-04-13 18:05:35,999 ] 87 root - INFO - Hypothesis az_005: float64, float64 
[ 2023-04-13 18:05:36,009 ] 87 root - INFO - Hypothesis az_006: float64, float64 
[ 2023-04-13 18:05:36,019 ] 87 root - INFO - Hypothesis az_007: float64, float64 
[ 2023-04-13 18:05:36,026 ] 87 root - INFO - Hypothesis az_008: float64, float64 
[ 2023-04-13 18:05:36,048 ] 87 root - INFO - Hypothesis az_009: float64, float64 
[ 2023-04-13 18:05:36,070 ] 87 root - INFO - Hypothesis ba_000: float64, float64 
[ 2023-04-13 18:05:36,081 ] 87 root - INFO - Hypothesis ba_001: float64, float64 
[ 2023-04-13 18:05:36,091 ] 87 root - INFO - Hypothesis ba_002: float64, float64 
[ 2023-04-13 18:05:36,102 ] 87 root - INFO - Hypothesis ba_003: float64, float64 
[ 2023-04-13 18:05:36,112 ] 87 root - INFO - Hypothesis ba_004: float64, float64 
[ 2023-04-13 18:05:36,122 ] 87 root - INFO - Hypothesis ba_005: float64, float64 
[ 2023-04-13 18:05:36,132 ] 87 root - INFO - Hypothesis ba_006: float64, float64 
[ 2023-04-13 18:05:36,143 ] 87 root - INFO - Hypothesis ba_007: float64, float64 
[ 2023-04-13 18:05:36,153 ] 87 root - INFO - Hypothesis ba_008: float64, float64 
[ 2023-04-13 18:05:36,161 ] 87 root - INFO - Hypothesis ba_009: float64, float64 
[ 2023-04-13 18:05:36,169 ] 87 root - INFO - Hypothesis bb_000: float64, float64 
[ 2023-04-13 18:05:36,179 ] 87 root - INFO - Hypothesis bc_000: float64, float64 
[ 2023-04-13 18:05:36,188 ] 87 root - INFO - Hypothesis bd_000: float64, float64 
[ 2023-04-13 18:05:36,196 ] 87 root - INFO - Hypothesis be_000: float64, float64 
[ 2023-04-13 18:05:36,206 ] 87 root - INFO - Hypothesis bf_000: float64, float64 
[ 2023-04-13 18:05:36,213 ] 87 root - INFO - Hypothesis bg_000: float64, float64 
[ 2023-04-13 18:05:36,224 ] 87 root - INFO - Hypothesis bh_000: float64, float64 
[ 2023-04-13 18:05:36,234 ] 87 root - INFO - Hypothesis bi_000: float64, float64 
[ 2023-04-13 18:05:36,245 ] 87 root - INFO - Hypothesis bj_000: float64, float64 
[ 2023-04-13 18:05:36,256 ] 87 root - INFO - Hypothesis bs_000: float64, float64 
[ 2023-04-13 18:05:36,266 ] 87 root - INFO - Hypothesis bt_000: float64, float64 
[ 2023-04-13 18:05:36,277 ] 87 root - INFO - Hypothesis bu_000: float64, float64 
[ 2023-04-13 18:05:36,287 ] 87 root - INFO - Hypothesis bv_000: float64, float64 
[ 2023-04-13 18:05:36,297 ] 87 root - INFO - Hypothesis bx_000: float64, float64 
[ 2023-04-13 18:05:36,308 ] 87 root - INFO - Hypothesis by_000: float64, float64 
[ 2023-04-13 18:05:36,318 ] 87 root - INFO - Hypothesis bz_000: float64, float64 
[ 2023-04-13 18:05:36,327 ] 87 root - INFO - Hypothesis ca_000: float64, float64 
[ 2023-04-13 18:05:36,338 ] 87 root - INFO - Hypothesis cb_000: float64, float64 
[ 2023-04-13 18:05:36,348 ] 87 root - INFO - Hypothesis cc_000: float64, float64 
[ 2023-04-13 18:05:36,359 ] 87 root - INFO - Hypothesis cd_000: float64, float64 
[ 2023-04-13 18:05:36,381 ] 87 root - INFO - Hypothesis ce_000: float64, float64 
[ 2023-04-13 18:05:36,391 ] 87 root - INFO - Hypothesis ci_000: float64, float64 
[ 2023-04-13 18:05:36,401 ] 87 root - INFO - Hypothesis cj_000: float64, float64 
[ 2023-04-13 18:05:36,424 ] 87 root - INFO - Hypothesis ck_000: float64, float64 
[ 2023-04-13 18:05:36,435 ] 87 root - INFO - Hypothesis cl_000: float64, float64 
[ 2023-04-13 18:05:36,442 ] 87 root - INFO - Hypothesis cm_000: float64, float64 
[ 2023-04-13 18:05:36,450 ] 87 root - INFO - Hypothesis cn_000: float64, float64 
[ 2023-04-13 18:05:36,471 ] 87 root - INFO - Hypothesis cn_001: float64, float64 
[ 2023-04-13 18:05:36,478 ] 87 root - INFO - Hypothesis cn_002: float64, float64 
[ 2023-04-13 18:05:36,487 ] 87 root - INFO - Hypothesis cn_003: float64, float64 
[ 2023-04-13 18:05:36,497 ] 87 root - INFO - Hypothesis cn_004: float64, float64 
[ 2023-04-13 18:05:36,508 ] 87 root - INFO - Hypothesis cn_005: float64, float64 
[ 2023-04-13 18:05:36,518 ] 87 root - INFO - Hypothesis cn_006: float64, float64 
[ 2023-04-13 18:05:36,528 ] 87 root - INFO - Hypothesis cn_007: float64, float64 
[ 2023-04-13 18:05:36,538 ] 87 root - INFO - Hypothesis cn_008: float64, float64 
[ 2023-04-13 18:05:36,548 ] 87 root - INFO - Hypothesis cn_009: float64, float64 
[ 2023-04-13 18:05:36,556 ] 87 root - INFO - Hypothesis cp_000: float64, float64 
[ 2023-04-13 18:05:36,564 ] 87 root - INFO - Hypothesis cq_000: float64, float64 
[ 2023-04-13 18:05:36,575 ] 87 root - INFO - Hypothesis cs_000: float64, float64 
[ 2023-04-13 18:05:36,585 ] 87 root - INFO - Hypothesis cs_001: float64, float64 
[ 2023-04-13 18:05:36,594 ] 87 root - INFO - Hypothesis cs_002: float64, float64 
[ 2023-04-13 18:05:36,604 ] 87 root - INFO - Hypothesis cs_003: float64, float64 
[ 2023-04-13 18:05:36,615 ] 87 root - INFO - Hypothesis cs_004: float64, float64 
[ 2023-04-13 18:05:36,625 ] 87 root - INFO - Hypothesis cs_005: float64, float64 
[ 2023-04-13 18:05:36,635 ] 87 root - INFO - Hypothesis cs_006: float64, float64 
[ 2023-04-13 18:05:36,646 ] 87 root - INFO - Hypothesis cs_007: float64, float64 
[ 2023-04-13 18:05:36,656 ] 87 root - INFO - Hypothesis cs_008: float64, float64 
[ 2023-04-13 18:05:36,665 ] 87 root - INFO - Hypothesis cs_009: float64, float64 
[ 2023-04-13 18:05:36,671 ] 87 root - INFO - Hypothesis dd_000: float64, float64 
[ 2023-04-13 18:05:36,680 ] 87 root - INFO - Hypothesis de_000: float64, float64 
[ 2023-04-13 18:05:36,689 ] 87 root - INFO - Hypothesis df_000: float64, float64 
[ 2023-04-13 18:05:36,712 ] 87 root - INFO - Hypothesis dg_000: float64, float64 
[ 2023-04-13 18:05:36,734 ] 87 root - INFO - Hypothesis dh_000: float64, float64 
[ 2023-04-13 18:05:36,757 ] 87 root - INFO - Hypothesis di_000: float64, float64 
[ 2023-04-13 18:05:36,764 ] 87 root - INFO - Hypothesis dj_000: float64, float64 
[ 2023-04-13 18:05:36,787 ] 87 root - INFO - Hypothesis dk_000: float64, float64 
[ 2023-04-13 18:05:36,809 ] 87 root - INFO - Hypothesis dl_000: float64, float64 
[ 2023-04-13 18:05:36,831 ] 87 root - INFO - Hypothesis dm_000: float64, float64 
[ 2023-04-13 18:05:36,854 ] 87 root - INFO - Hypothesis dn_000: float64, float64 
[ 2023-04-13 18:05:36,864 ] 87 root - INFO - Hypothesis do_000: float64, float64 
[ 2023-04-13 18:05:36,874 ] 87 root - INFO - Hypothesis dp_000: float64, float64 
[ 2023-04-13 18:05:36,883 ] 87 root - INFO - Hypothesis dq_000: float64, float64 
[ 2023-04-13 18:05:36,891 ] 87 root - INFO - Hypothesis dr_000: float64, float64 
[ 2023-04-13 18:05:36,898 ] 87 root - INFO - Hypothesis ds_000: float64, float64 
[ 2023-04-13 18:05:36,908 ] 87 root - INFO - Hypothesis dt_000: float64, float64 
[ 2023-04-13 18:05:36,918 ] 87 root - INFO - Hypothesis du_000: float64, float64 
[ 2023-04-13 18:05:36,928 ] 87 root - INFO - Hypothesis dv_000: float64, float64 
[ 2023-04-13 18:05:36,942 ] 87 root - INFO - Hypothesis dx_000: float64, float64 
[ 2023-04-13 18:05:36,950 ] 87 root - INFO - Hypothesis dy_000: float64, float64 
[ 2023-04-13 18:05:36,958 ] 87 root - INFO - Hypothesis dz_000: float64, float64 
[ 2023-04-13 18:05:36,980 ] 87 root - INFO - Hypothesis ea_000: float64, float64 
[ 2023-04-13 18:05:37,002 ] 87 root - INFO - Hypothesis eb_000: float64, float64 
[ 2023-04-13 18:05:37,011 ] 87 root - INFO - Hypothesis ec_00: float64, float64 
[ 2023-04-13 18:05:37,021 ] 87 root - INFO - Hypothesis ed_000: float64, float64 
[ 2023-04-13 18:05:37,030 ] 87 root - INFO - Hypothesis ee_000: float64, float64 
[ 2023-04-13 18:05:37,041 ] 87 root - INFO - Hypothesis ee_001: float64, float64 
[ 2023-04-13 18:05:37,051 ] 87 root - INFO - Hypothesis ee_002: float64, float64 
[ 2023-04-13 18:05:37,062 ] 87 root - INFO - Hypothesis ee_003: float64, float64 
[ 2023-04-13 18:05:37,072 ] 87 root - INFO - Hypothesis ee_004: float64, float64 
[ 2023-04-13 18:05:37,082 ] 87 root - INFO - Hypothesis ee_005: float64, float64 
[ 2023-04-13 18:05:37,092 ] 87 root - INFO - Hypothesis ee_006: float64, float64 
[ 2023-04-13 18:05:37,102 ] 87 root - INFO - Hypothesis ee_007: float64, float64 
[ 2023-04-13 18:05:37,114 ] 87 root - INFO - Hypothesis ee_008: float64, float64 
[ 2023-04-13 18:05:37,123 ] 87 root - INFO - Hypothesis ee_009: float64, float64 
[ 2023-04-13 18:05:37,132 ] 87 root - INFO - Hypothesis ef_000: float64, float64 
[ 2023-04-13 18:05:37,154 ] 87 root - INFO - Hypothesis eg_000: float64, float64 
[ 2023-04-13 18:05:37,175 ] 146 root - INFO - Write reprt in yaml file
[ 2023-04-13 18:05:37,292 ] 151 root - INFO - Data validation artifact: DataValidationArtifact(report_file_path='/config/workspace/artifact/04132023__180503/data_validation/report.yaml')
[ 2023-04-13 18:05:38,905 ] 60 root - INFO - Before resampling in training set Input: (28950, 170) Target:(28950,)
[ 2023-04-13 18:06:52,893 ] 62 root - INFO - After resampling in training set Input: (56134, 170) Target:(56134,)
[ 2023-04-13 18:06:52,894 ] 64 root - INFO - Before resampling in testing set Input: (7238, 170) Target:(7238,)
[ 2023-04-13 18:07:06,290 ] 66 root - INFO - After resampling in testing set Input: (14026, 170) Target:(14026,)
[ 2023-04-13 18:07:06,507 ] 55 root - INFO - Entered the save_object method of utils
[ 2023-04-13 18:07:06,512 ] 59 root - INFO - Exited the save_object method of utils
[ 2023-04-13 18:07:06,513 ] 55 root - INFO - Entered the save_object method of utils
[ 2023-04-13 18:07:06,514 ] 59 root - INFO - Exited the save_object method of utils
[ 2023-04-13 18:07:06,514 ] 85 root - INFO - Data transformation object DataTransformationArtifact(transform_object_path='/config/workspace/artifact/04132023__180503/data_transformation/transformer/transformer.pkl', transformed_train_path='/config/workspace/artifact/04132023__180503/data_transformation/transformed/train.npz', transformed_test_path='/config/workspace/artifact/04132023__180503/data_transformation/transformed/test.npz', target_encoder_path='/config/workspace/artifact/04132023__180503/data_transformation/target_encoder/target_encoder.pkl')
[ 2023-04-13 18:07:06,517 ] 44 root - INFO - Loading train and test array.
[ 2023-04-13 18:07:06,583 ] 48 root - INFO - Splitting input and target feature from both train and test arr.
[ 2023-04-13 18:07:06,583 ] 52 root - INFO - Train the model
[ 2023-04-13 18:14:21,652 ] 55 root - INFO - Calculating f1 train score
[ 2023-04-13 18:14:21,879 ] 59 root - INFO - Calculating f1 test score
[ 2023-04-13 18:14:22,001 ] 63 root - INFO - train score:1.0 and tests score 0.9719203559186056
[ 2023-04-13 18:14:22,001 ] 65 root - INFO - Checking if our model is underfitting or not
[ 2023-04-13 18:14:22,002 ] 70 root - INFO - Checking if our model is overfiiting or not
[ 2023-04-13 18:14:22,002 ] 77 root - INFO - Saving mode object
[ 2023-04-13 18:14:22,002 ] 55 root - INFO - Entered the save_object method of utils
[ 2023-04-13 18:14:22,051 ] 59 root - INFO - Exited the save_object method of utils
[ 2023-04-13 18:14:22,051 ] 81 root - INFO - Prepare the artifact
[ 2023-04-13 18:14:22,052 ] 84 root - INFO - Model trainer artifact: ModelTrainerArtifact(model_path='/config/workspace/artifact/04132023__180503/model_trainer/model/model.pkl', f1_train_score=1.0, f1_test_score=0.9719203559186056)
