[ 2023-04-18 16:13:33,094 ] 16 root - INFO - >>>>>>>>>>>>>>>>>>>>>>>>>>>>>>>>>>>>>>>> Data Ingestion <<<<<<<<<<<<<<<<<<<<<<<<<<<<<<<<<<<<<<<<
[ 2023-04-18 16:13:33,095 ] 23 root - INFO - Exporting collection data as pandas dataframe
[ 2023-04-18 16:13:33,095 ] 22 root - INFO - Reading data from database: aps and collection: sensor
[ 2023-04-18 16:13:40,632 ] 24 root - INFO - Found columns: Index(['_id', 'class', 'aa_000', 'ab_000', 'ac_000', 'ad_000', 'ae_000',
       'af_000', 'ag_000', 'ag_001',
       ...
       'ee_002', 'ee_003', 'ee_004', 'ee_005', 'ee_006', 'ee_007', 'ee_008',
       'ee_009', 'ef_000', 'eg_000'],
      dtype='object', length=172)
[ 2023-04-18 16:13:40,633 ] 26 root - INFO - Dropping column: _id 
[ 2023-04-18 16:13:41,077 ] 28 root - INFO - Row and columns in df: (36188, 171)
[ 2023-04-18 16:13:41,077 ] 29 root - INFO - Save data in feature store
[ 2023-04-18 16:13:44,247 ] 35 root - INFO - Create feature store folder if not available
[ 2023-04-18 16:13:44,248 ] 39 root - INFO - Save df to feature store folder
[ 2023-04-18 16:13:47,691 ] 44 root - INFO - split dataset into train and test set
[ 2023-04-18 16:13:48,433 ] 48 root - INFO - create dataset directory folder if not available
[ 2023-04-18 16:13:48,433 ] 53 root - INFO - Save df to feature store folder
[ 2023-04-18 16:13:52,099 ] 65 root - INFO - Data ingestion artifact: DataIngestionArtifact(feature_store_file_path='/config/workspace/artifact/04182023__161333/data_ingestion/feature_store/sensor.csv', train_file_path='/config/workspace/artifact/04182023__161333/data_ingestion/dataset/train.csv', test_file_path='/config/workspace/artifact/04182023__161333/data_ingestion/dataset/test.csv')
[ 2023-04-18 16:13:53,075 ] 21 root - INFO - >>>>>>>>>>>>>>>>>>>>>>>>>>>>>>>>>>>>>>>> Data Validation <<<<<<<<<<<<<<<<<<<<<<<<<<<<<<<<<<<<<<<<
[ 2023-04-18 16:13:53,075 ] 109 root - INFO - Reading base dataframe
[ 2023-04-18 16:13:57,658 ] 112 root - INFO - Replace na value in base df
[ 2023-04-18 16:13:57,658 ] 114 root - INFO - Drop null values colums from base df
[ 2023-04-18 16:13:58,018 ] 43 root - INFO - selecting column name which contains null above to 0.2
[ 2023-04-18 16:13:58,019 ] 46 root - INFO - Columns to drop: ['ab_000', 'ad_000', 'bk_000', 'bl_000', 'bm_000', 'bn_000', 'bo_000', 'bp_000', 'bq_000', 'br_000', 'cf_000', 'cg_000', 'ch_000', 'co_000', 'cr_000', 'ct_000', 'cu_000', 'cv_000', 'cx_000', 'cy_000', 'cz_000', 'da_000', 'db_000', 'dc_000']
[ 2023-04-18 16:13:58,178 ] 117 root - INFO - Reading train dataframe
[ 2023-04-18 16:13:58,806 ] 119 root - INFO - Reading test dataframe
[ 2023-04-18 16:13:58,970 ] 122 root - INFO - Drop null values colums from train df
[ 2023-04-18 16:13:58,988 ] 43 root - INFO - selecting column name which contains null above to 0.2
[ 2023-04-18 16:13:58,989 ] 46 root - INFO - Columns to drop: ['ab_000', 'ad_000', 'bk_000', 'bl_000', 'bm_000', 'bn_000', 'bo_000', 'bp_000', 'bq_000', 'br_000', 'cf_000', 'cg_000', 'ch_000', 'co_000', 'cr_000', 'ct_000', 'cu_000', 'cv_000', 'cx_000', 'cy_000', 'cz_000', 'da_000', 'db_000', 'dc_000']
[ 2023-04-18 16:13:59,010 ] 124 root - INFO - Drop null values colums from test df
[ 2023-04-18 16:13:59,016 ] 43 root - INFO - selecting column name which contains null above to 0.2
[ 2023-04-18 16:13:59,017 ] 46 root - INFO - Columns to drop: ['ab_000', 'ad_000', 'bk_000', 'bl_000', 'bm_000', 'bn_000', 'bo_000', 'bp_000', 'bq_000', 'br_000', 'cf_000', 'cg_000', 'ch_000', 'co_000', 'cr_000', 'ct_000', 'cu_000', 'cv_000', 'cx_000', 'cy_000', 'cz_000', 'da_000', 'db_000', 'dc_000']
[ 2023-04-18 16:14:00,345 ] 133 root - INFO - Is all required columns present in train df
[ 2023-04-18 16:14:00,345 ] 135 root - INFO - Is all required columns present in test df
[ 2023-04-18 16:14:00,345 ] 139 root - INFO - As all column are available in train df hence detecting data drift
[ 2023-04-18 16:14:00,346 ] 87 root - INFO - Hypothesis class: object, object 
[ 2023-04-18 16:14:00,551 ] 87 root - INFO - Hypothesis aa_000: float64, float64 
[ 2023-04-18 16:14:00,567 ] 87 root - INFO - Hypothesis ac_000: float64, float64 
[ 2023-04-18 16:14:00,621 ] 87 root - INFO - Hypothesis ae_000: float64, float64 
[ 2023-04-18 16:14:00,672 ] 87 root - INFO - Hypothesis af_000: float64, float64 
[ 2023-04-18 16:14:00,722 ] 87 root - INFO - Hypothesis ag_000: float64, float64 
[ 2023-04-18 16:14:00,772 ] 87 root - INFO - Hypothesis ag_001: float64, float64 
[ 2023-04-18 16:14:00,821 ] 87 root - INFO - Hypothesis ag_002: float64, float64 
[ 2023-04-18 16:14:00,871 ] 87 root - INFO - Hypothesis ag_003: float64, float64 
[ 2023-04-18 16:14:00,881 ] 87 root - INFO - Hypothesis ag_004: float64, float64 
[ 2023-04-18 16:14:00,896 ] 87 root - INFO - Hypothesis ag_005: float64, float64 
[ 2023-04-18 16:14:00,911 ] 87 root - INFO - Hypothesis ag_006: float64, float64 
[ 2023-04-18 16:14:00,925 ] 87 root - INFO - Hypothesis ag_007: float64, float64 
[ 2023-04-18 16:14:00,939 ] 87 root - INFO - Hypothesis ag_008: float64, float64 
[ 2023-04-18 16:14:00,952 ] 87 root - INFO - Hypothesis ag_009: float64, float64 
[ 2023-04-18 16:14:00,962 ] 87 root - INFO - Hypothesis ah_000: float64, float64 
[ 2023-04-18 16:14:00,977 ] 87 root - INFO - Hypothesis ai_000: float64, float64 
[ 2023-04-18 16:14:01,028 ] 87 root - INFO - Hypothesis aj_000: float64, float64 
[ 2023-04-18 16:14:01,038 ] 87 root - INFO - Hypothesis ak_000: float64, float64 
[ 2023-04-18 16:14:01,089 ] 87 root - INFO - Hypothesis al_000: float64, float64 
[ 2023-04-18 16:14:01,101 ] 87 root - INFO - Hypothesis am_0: float64, float64 
[ 2023-04-18 16:14:01,112 ] 87 root - INFO - Hypothesis an_000: float64, float64 
[ 2023-04-18 16:14:01,127 ] 87 root - INFO - Hypothesis ao_000: float64, float64 
[ 2023-04-18 16:14:01,142 ] 87 root - INFO - Hypothesis ap_000: float64, float64 
[ 2023-04-18 16:14:01,157 ] 87 root - INFO - Hypothesis aq_000: float64, float64 
[ 2023-04-18 16:14:01,172 ] 87 root - INFO - Hypothesis ar_000: float64, float64 
[ 2023-04-18 16:14:01,222 ] 87 root - INFO - Hypothesis as_000: float64, float64 
[ 2023-04-18 16:14:01,271 ] 87 root - INFO - Hypothesis at_000: float64, float64 
[ 2023-04-18 16:14:01,321 ] 87 root - INFO - Hypothesis au_000: float64, float64 
[ 2023-04-18 16:14:01,370 ] 87 root - INFO - Hypothesis av_000: float64, float64 
[ 2023-04-18 16:14:01,383 ] 87 root - INFO - Hypothesis ax_000: float64, float64 
[ 2023-04-18 16:14:01,395 ] 87 root - INFO - Hypothesis ay_000: float64, float64 
[ 2023-04-18 16:14:01,444 ] 87 root - INFO - Hypothesis ay_001: float64, float64 
[ 2023-04-18 16:14:01,495 ] 87 root - INFO - Hypothesis ay_002: float64, float64 
[ 2023-04-18 16:14:01,545 ] 87 root - INFO - Hypothesis ay_003: float64, float64 
[ 2023-04-18 16:14:01,594 ] 87 root - INFO - Hypothesis ay_004: float64, float64 
[ 2023-04-18 16:14:01,643 ] 87 root - INFO - Hypothesis ay_005: float64, float64 
[ 2023-04-18 16:14:01,698 ] 87 root - INFO - Hypothesis ay_006: float64, float64 
[ 2023-04-18 16:14:01,712 ] 87 root - INFO - Hypothesis ay_007: float64, float64 
[ 2023-04-18 16:14:01,726 ] 87 root - INFO - Hypothesis ay_008: float64, float64 
[ 2023-04-18 16:14:01,740 ] 87 root - INFO - Hypothesis ay_009: float64, float64 
[ 2023-04-18 16:14:01,789 ] 87 root - INFO - Hypothesis az_000: float64, float64 
[ 2023-04-18 16:14:01,803 ] 87 root - INFO - Hypothesis az_001: float64, float64 
[ 2023-04-18 16:14:01,817 ] 87 root - INFO - Hypothesis az_002: float64, float64 
[ 2023-04-18 16:14:01,831 ] 87 root - INFO - Hypothesis az_003: float64, float64 
[ 2023-04-18 16:14:01,846 ] 87 root - INFO - Hypothesis az_004: float64, float64 
[ 2023-04-18 16:14:01,861 ] 87 root - INFO - Hypothesis az_005: float64, float64 
[ 2023-04-18 16:14:01,876 ] 87 root - INFO - Hypothesis az_006: float64, float64 
[ 2023-04-18 16:14:01,931 ] 87 root - INFO - Hypothesis az_007: float64, float64 
[ 2023-04-18 16:14:01,982 ] 87 root - INFO - Hypothesis az_008: float64, float64 
[ 2023-04-18 16:14:02,033 ] 87 root - INFO - Hypothesis az_009: float64, float64 
[ 2023-04-18 16:14:02,084 ] 87 root - INFO - Hypothesis ba_000: float64, float64 
[ 2023-04-18 16:14:02,099 ] 87 root - INFO - Hypothesis ba_001: float64, float64 
[ 2023-04-18 16:14:02,114 ] 87 root - INFO - Hypothesis ba_002: float64, float64 
[ 2023-04-18 16:14:02,129 ] 87 root - INFO - Hypothesis ba_003: float64, float64 
[ 2023-04-18 16:14:02,144 ] 87 root - INFO - Hypothesis ba_004: float64, float64 
[ 2023-04-18 16:14:02,158 ] 87 root - INFO - Hypothesis ba_005: float64, float64 
[ 2023-04-18 16:14:02,173 ] 87 root - INFO - Hypothesis ba_006: float64, float64 
[ 2023-04-18 16:14:02,188 ] 87 root - INFO - Hypothesis ba_007: float64, float64 
[ 2023-04-18 16:14:02,201 ] 87 root - INFO - Hypothesis ba_008: float64, float64 
[ 2023-04-18 16:14:02,256 ] 87 root - INFO - Hypothesis ba_009: float64, float64 
[ 2023-04-18 16:14:02,309 ] 87 root - INFO - Hypothesis bb_000: float64, float64 
[ 2023-04-18 16:14:02,324 ] 87 root - INFO - Hypothesis bc_000: float64, float64 
[ 2023-04-18 16:14:02,379 ] 87 root - INFO - Hypothesis bd_000: float64, float64 
[ 2023-04-18 16:14:02,392 ] 87 root - INFO - Hypothesis be_000: float64, float64 
[ 2023-04-18 16:14:02,405 ] 87 root - INFO - Hypothesis bf_000: float64, float64 
[ 2023-04-18 16:14:02,416 ] 87 root - INFO - Hypothesis bg_000: float64, float64 
[ 2023-04-18 16:14:02,431 ] 87 root - INFO - Hypothesis bh_000: float64, float64 
[ 2023-04-18 16:14:02,446 ] 87 root - INFO - Hypothesis bi_000: float64, float64 
[ 2023-04-18 16:14:02,461 ] 87 root - INFO - Hypothesis bj_000: float64, float64 
[ 2023-04-18 16:14:02,476 ] 87 root - INFO - Hypothesis bs_000: float64, float64 
[ 2023-04-18 16:14:02,492 ] 87 root - INFO - Hypothesis bt_000: float64, float64 
[ 2023-04-18 16:14:02,507 ] 87 root - INFO - Hypothesis bu_000: float64, float64 
[ 2023-04-18 16:14:02,521 ] 87 root - INFO - Hypothesis bv_000: float64, float64 
[ 2023-04-18 16:14:02,536 ] 87 root - INFO - Hypothesis bx_000: float64, float64 
[ 2023-04-18 16:14:02,551 ] 87 root - INFO - Hypothesis by_000: float64, float64 
[ 2023-04-18 16:14:02,566 ] 87 root - INFO - Hypothesis bz_000: float64, float64 
[ 2023-04-18 16:14:02,580 ] 87 root - INFO - Hypothesis ca_000: float64, float64 
[ 2023-04-18 16:14:02,595 ] 87 root - INFO - Hypothesis cb_000: float64, float64 
[ 2023-04-18 16:14:02,610 ] 87 root - INFO - Hypothesis cc_000: float64, float64 
[ 2023-04-18 16:14:02,625 ] 87 root - INFO - Hypothesis cd_000: float64, float64 
[ 2023-04-18 16:14:02,676 ] 87 root - INFO - Hypothesis ce_000: float64, float64 
[ 2023-04-18 16:14:02,690 ] 87 root - INFO - Hypothesis ci_000: float64, float64 
[ 2023-04-18 16:14:02,705 ] 87 root - INFO - Hypothesis cj_000: float64, float64 
[ 2023-04-18 16:14:02,756 ] 87 root - INFO - Hypothesis ck_000: float64, float64 
[ 2023-04-18 16:14:02,771 ] 87 root - INFO - Hypothesis cl_000: float64, float64 
[ 2023-04-18 16:14:02,781 ] 87 root - INFO - Hypothesis cm_000: float64, float64 
[ 2023-04-18 16:14:02,792 ] 87 root - INFO - Hypothesis cn_000: float64, float64 
[ 2023-04-18 16:14:02,842 ] 87 root - INFO - Hypothesis cn_001: float64, float64 
[ 2023-04-18 16:14:02,894 ] 87 root - INFO - Hypothesis cn_002: float64, float64 
[ 2023-04-18 16:14:02,906 ] 87 root - INFO - Hypothesis cn_003: float64, float64 
[ 2023-04-18 16:14:02,921 ] 87 root - INFO - Hypothesis cn_004: float64, float64 
[ 2023-04-18 16:14:02,936 ] 87 root - INFO - Hypothesis cn_005: float64, float64 
[ 2023-04-18 16:14:02,951 ] 87 root - INFO - Hypothesis cn_006: float64, float64 
[ 2023-04-18 16:14:02,966 ] 87 root - INFO - Hypothesis cn_007: float64, float64 
[ 2023-04-18 16:14:02,979 ] 87 root - INFO - Hypothesis cn_008: float64, float64 
[ 2023-04-18 16:14:02,993 ] 87 root - INFO - Hypothesis cn_009: float64, float64 
[ 2023-04-18 16:14:03,056 ] 87 root - INFO - Hypothesis cp_000: float64, float64 
[ 2023-04-18 16:14:03,110 ] 87 root - INFO - Hypothesis cq_000: float64, float64 
[ 2023-04-18 16:14:03,125 ] 87 root - INFO - Hypothesis cs_000: float64, float64 
[ 2023-04-18 16:14:03,140 ] 87 root - INFO - Hypothesis cs_001: float64, float64 
[ 2023-04-18 16:14:03,153 ] 87 root - INFO - Hypothesis cs_002: float64, float64 
[ 2023-04-18 16:14:03,168 ] 87 root - INFO - Hypothesis cs_003: float64, float64 
[ 2023-04-18 16:14:03,182 ] 87 root - INFO - Hypothesis cs_004: float64, float64 
[ 2023-04-18 16:14:03,197 ] 87 root - INFO - Hypothesis cs_005: float64, float64 
[ 2023-04-18 16:14:03,213 ] 87 root - INFO - Hypothesis cs_006: float64, float64 
[ 2023-04-18 16:14:03,228 ] 87 root - INFO - Hypothesis cs_007: float64, float64 
[ 2023-04-18 16:14:03,243 ] 87 root - INFO - Hypothesis cs_008: float64, float64 
[ 2023-04-18 16:14:03,297 ] 87 root - INFO - Hypothesis cs_009: float64, float64 
[ 2023-04-18 16:14:03,347 ] 87 root - INFO - Hypothesis dd_000: float64, float64 
[ 2023-04-18 16:14:03,361 ] 87 root - INFO - Hypothesis de_000: float64, float64 
[ 2023-04-18 16:14:03,374 ] 87 root - INFO - Hypothesis df_000: float64, float64 
[ 2023-04-18 16:14:03,426 ] 87 root - INFO - Hypothesis dg_000: float64, float64 
[ 2023-04-18 16:14:03,476 ] 87 root - INFO - Hypothesis dh_000: float64, float64 
[ 2023-04-18 16:14:03,486 ] 87 root - INFO - Hypothesis di_000: float64, float64 
[ 2023-04-18 16:14:03,539 ] 87 root - INFO - Hypothesis dj_000: float64, float64 
[ 2023-04-18 16:14:03,590 ] 87 root - INFO - Hypothesis dk_000: float64, float64 
[ 2023-04-18 16:14:03,640 ] 87 root - INFO - Hypothesis dl_000: float64, float64 
[ 2023-04-18 16:14:03,691 ] 87 root - INFO - Hypothesis dm_000: float64, float64 
[ 2023-04-18 16:14:03,742 ] 87 root - INFO - Hypothesis dn_000: float64, float64 
[ 2023-04-18 16:14:03,757 ] 87 root - INFO - Hypothesis do_000: float64, float64 
[ 2023-04-18 16:14:03,771 ] 87 root - INFO - Hypothesis dp_000: float64, float64 
[ 2023-04-18 16:14:03,785 ] 87 root - INFO - Hypothesis dq_000: float64, float64 
[ 2023-04-18 16:14:03,837 ] 87 root - INFO - Hypothesis dr_000: float64, float64 
[ 2023-04-18 16:14:03,890 ] 87 root - INFO - Hypothesis ds_000: float64, float64 
[ 2023-04-18 16:14:03,905 ] 87 root - INFO - Hypothesis dt_000: float64, float64 
[ 2023-04-18 16:14:03,919 ] 87 root - INFO - Hypothesis du_000: float64, float64 
[ 2023-04-18 16:14:03,934 ] 87 root - INFO - Hypothesis dv_000: float64, float64 
[ 2023-04-18 16:14:03,948 ] 87 root - INFO - Hypothesis dx_000: float64, float64 
[ 2023-04-18 16:14:04,000 ] 87 root - INFO - Hypothesis dy_000: float64, float64 
[ 2023-04-18 16:14:04,054 ] 87 root - INFO - Hypothesis dz_000: float64, float64 
[ 2023-04-18 16:14:04,103 ] 87 root - INFO - Hypothesis ea_000: float64, float64 
[ 2023-04-18 16:14:04,154 ] 87 root - INFO - Hypothesis eb_000: float64, float64 
[ 2023-04-18 16:14:04,167 ] 87 root - INFO - Hypothesis ec_00: float64, float64 
[ 2023-04-18 16:14:04,181 ] 87 root - INFO - Hypothesis ed_000: float64, float64 
[ 2023-04-18 16:14:04,195 ] 87 root - INFO - Hypothesis ee_000: float64, float64 
[ 2023-04-18 16:14:04,210 ] 87 root - INFO - Hypothesis ee_001: float64, float64 
[ 2023-04-18 16:14:04,225 ] 87 root - INFO - Hypothesis ee_002: float64, float64 
[ 2023-04-18 16:14:04,240 ] 87 root - INFO - Hypothesis ee_003: float64, float64 
[ 2023-04-18 16:14:04,255 ] 87 root - INFO - Hypothesis ee_004: float64, float64 
[ 2023-04-18 16:14:04,269 ] 87 root - INFO - Hypothesis ee_005: float64, float64 
[ 2023-04-18 16:14:04,284 ] 87 root - INFO - Hypothesis ee_006: float64, float64 
[ 2023-04-18 16:14:04,299 ] 87 root - INFO - Hypothesis ee_007: float64, float64 
[ 2023-04-18 16:14:04,313 ] 87 root - INFO - Hypothesis ee_008: float64, float64 
[ 2023-04-18 16:14:04,327 ] 87 root - INFO - Hypothesis ee_009: float64, float64 
[ 2023-04-18 16:14:04,339 ] 87 root - INFO - Hypothesis ef_000: float64, float64 
[ 2023-04-18 16:14:04,389 ] 87 root - INFO - Hypothesis eg_000: float64, float64 
[ 2023-04-18 16:14:04,439 ] 142 root - INFO - As all column are available in test df hence detecting data drift
[ 2023-04-18 16:14:04,439 ] 87 root - INFO - Hypothesis class: object, object 
[ 2023-04-18 16:14:04,552 ] 87 root - INFO - Hypothesis aa_000: float64, float64 
[ 2023-04-18 16:14:04,562 ] 87 root - INFO - Hypothesis ac_000: float64, float64 
[ 2023-04-18 16:14:04,571 ] 87 root - INFO - Hypothesis ae_000: float64, float64 
[ 2023-04-18 16:14:04,593 ] 87 root - INFO - Hypothesis af_000: float64, float64 
[ 2023-04-18 16:14:04,616 ] 87 root - INFO - Hypothesis ag_000: float64, float64 
[ 2023-04-18 16:14:04,637 ] 87 root - INFO - Hypothesis ag_001: float64, float64 
[ 2023-04-18 16:14:04,659 ] 87 root - INFO - Hypothesis ag_002: float64, float64 
[ 2023-04-18 16:14:04,665 ] 87 root - INFO - Hypothesis ag_003: float64, float64 
[ 2023-04-18 16:14:04,672 ] 87 root - INFO - Hypothesis ag_004: float64, float64 
[ 2023-04-18 16:14:04,683 ] 87 root - INFO - Hypothesis ag_005: float64, float64 
[ 2023-04-18 16:14:04,693 ] 87 root - INFO - Hypothesis ag_006: float64, float64 
[ 2023-04-18 16:14:04,704 ] 87 root - INFO - Hypothesis ag_007: float64, float64 
[ 2023-04-18 16:14:04,713 ] 87 root - INFO - Hypothesis ag_008: float64, float64 
[ 2023-04-18 16:14:04,722 ] 87 root - INFO - Hypothesis ag_009: float64, float64 
[ 2023-04-18 16:14:04,730 ] 87 root - INFO - Hypothesis ah_000: float64, float64 
[ 2023-04-18 16:14:04,740 ] 87 root - INFO - Hypothesis ai_000: float64, float64 
[ 2023-04-18 16:14:04,747 ] 87 root - INFO - Hypothesis aj_000: float64, float64 
[ 2023-04-18 16:14:04,754 ] 87 root - INFO - Hypothesis ak_000: float64, float64 
[ 2023-04-18 16:14:04,760 ] 87 root - INFO - Hypothesis al_000: float64, float64 
[ 2023-04-18 16:14:04,768 ] 87 root - INFO - Hypothesis am_0: float64, float64 
[ 2023-04-18 16:14:04,776 ] 87 root - INFO - Hypothesis an_000: float64, float64 
[ 2023-04-18 16:14:04,786 ] 87 root - INFO - Hypothesis ao_000: float64, float64 
[ 2023-04-18 16:14:04,796 ] 87 root - INFO - Hypothesis ap_000: float64, float64 
[ 2023-04-18 16:14:04,807 ] 87 root - INFO - Hypothesis aq_000: float64, float64 
[ 2023-04-18 16:14:04,817 ] 87 root - INFO - Hypothesis ar_000: float64, float64 
[ 2023-04-18 16:14:04,839 ] 87 root - INFO - Hypothesis as_000: float64, float64 
[ 2023-04-18 16:14:04,861 ] 87 root - INFO - Hypothesis at_000: float64, float64 
[ 2023-04-18 16:14:04,883 ] 87 root - INFO - Hypothesis au_000: float64, float64 
[ 2023-04-18 16:14:04,905 ] 87 root - INFO - Hypothesis av_000: float64, float64 
[ 2023-04-18 16:14:04,914 ] 87 root - INFO - Hypothesis ax_000: float64, float64 
[ 2023-04-18 16:14:04,923 ] 87 root - INFO - Hypothesis ay_000: float64, float64 
[ 2023-04-18 16:14:04,944 ] 87 root - INFO - Hypothesis ay_001: float64, float64 
[ 2023-04-18 16:14:04,966 ] 87 root - INFO - Hypothesis ay_002: float64, float64 
[ 2023-04-18 16:14:04,988 ] 87 root - INFO - Hypothesis ay_003: float64, float64 
[ 2023-04-18 16:14:05,010 ] 87 root - INFO - Hypothesis ay_004: float64, float64 
[ 2023-04-18 16:14:05,032 ] 87 root - INFO - Hypothesis ay_005: float64, float64 
[ 2023-04-18 16:14:05,040 ] 87 root - INFO - Hypothesis ay_006: float64, float64 
[ 2023-04-18 16:14:05,049 ] 87 root - INFO - Hypothesis ay_007: float64, float64 
[ 2023-04-18 16:14:05,059 ] 87 root - INFO - Hypothesis ay_008: float64, float64 
[ 2023-04-18 16:14:05,069 ] 87 root - INFO - Hypothesis ay_009: float64, float64 
[ 2023-04-18 16:14:05,091 ] 87 root - INFO - Hypothesis az_000: float64, float64 
[ 2023-04-18 16:14:05,101 ] 87 root - INFO - Hypothesis az_001: float64, float64 
[ 2023-04-18 16:14:05,111 ] 87 root - INFO - Hypothesis az_002: float64, float64 
[ 2023-04-18 16:14:05,120 ] 87 root - INFO - Hypothesis az_003: float64, float64 
[ 2023-04-18 16:14:05,131 ] 87 root - INFO - Hypothesis az_004: float64, float64 
[ 2023-04-18 16:14:05,141 ] 87 root - INFO - Hypothesis az_005: float64, float64 
[ 2023-04-18 16:14:05,151 ] 87 root - INFO - Hypothesis az_006: float64, float64 
[ 2023-04-18 16:14:05,161 ] 87 root - INFO - Hypothesis az_007: float64, float64 
[ 2023-04-18 16:14:05,168 ] 87 root - INFO - Hypothesis az_008: float64, float64 
[ 2023-04-18 16:14:05,191 ] 87 root - INFO - Hypothesis az_009: float64, float64 
[ 2023-04-18 16:14:05,213 ] 87 root - INFO - Hypothesis ba_000: float64, float64 
[ 2023-04-18 16:14:05,223 ] 87 root - INFO - Hypothesis ba_001: float64, float64 
[ 2023-04-18 16:14:05,234 ] 87 root - INFO - Hypothesis ba_002: float64, float64 
[ 2023-04-18 16:14:05,244 ] 87 root - INFO - Hypothesis ba_003: float64, float64 
[ 2023-04-18 16:14:05,255 ] 87 root - INFO - Hypothesis ba_004: float64, float64 
[ 2023-04-18 16:14:05,265 ] 87 root - INFO - Hypothesis ba_005: float64, float64 
[ 2023-04-18 16:14:05,275 ] 87 root - INFO - Hypothesis ba_006: float64, float64 
[ 2023-04-18 16:14:05,285 ] 87 root - INFO - Hypothesis ba_007: float64, float64 
[ 2023-04-18 16:14:05,295 ] 87 root - INFO - Hypothesis ba_008: float64, float64 
[ 2023-04-18 16:14:05,303 ] 87 root - INFO - Hypothesis ba_009: float64, float64 
[ 2023-04-18 16:14:05,311 ] 87 root - INFO - Hypothesis bb_000: float64, float64 
[ 2023-04-18 16:14:05,321 ] 87 root - INFO - Hypothesis bc_000: float64, float64 
[ 2023-04-18 16:14:05,330 ] 87 root - INFO - Hypothesis bd_000: float64, float64 
[ 2023-04-18 16:14:05,339 ] 87 root - INFO - Hypothesis be_000: float64, float64 
[ 2023-04-18 16:14:05,348 ] 87 root - INFO - Hypothesis bf_000: float64, float64 
[ 2023-04-18 16:14:05,356 ] 87 root - INFO - Hypothesis bg_000: float64, float64 
[ 2023-04-18 16:14:05,366 ] 87 root - INFO - Hypothesis bh_000: float64, float64 
[ 2023-04-18 16:14:05,376 ] 87 root - INFO - Hypothesis bi_000: float64, float64 
[ 2023-04-18 16:14:05,387 ] 87 root - INFO - Hypothesis bj_000: float64, float64 
[ 2023-04-18 16:14:05,398 ] 87 root - INFO - Hypothesis bs_000: float64, float64 
[ 2023-04-18 16:14:05,408 ] 87 root - INFO - Hypothesis bt_000: float64, float64 
[ 2023-04-18 16:14:05,419 ] 87 root - INFO - Hypothesis bu_000: float64, float64 
[ 2023-04-18 16:14:05,429 ] 87 root - INFO - Hypothesis bv_000: float64, float64 
[ 2023-04-18 16:14:05,440 ] 87 root - INFO - Hypothesis bx_000: float64, float64 
[ 2023-04-18 16:14:05,450 ] 87 root - INFO - Hypothesis by_000: float64, float64 
[ 2023-04-18 16:14:05,460 ] 87 root - INFO - Hypothesis bz_000: float64, float64 
[ 2023-04-18 16:14:05,470 ] 87 root - INFO - Hypothesis ca_000: float64, float64 
[ 2023-04-18 16:14:05,480 ] 87 root - INFO - Hypothesis cb_000: float64, float64 
[ 2023-04-18 16:14:05,491 ] 87 root - INFO - Hypothesis cc_000: float64, float64 
[ 2023-04-18 16:14:05,502 ] 87 root - INFO - Hypothesis cd_000: float64, float64 
[ 2023-04-18 16:14:05,524 ] 87 root - INFO - Hypothesis ce_000: float64, float64 
[ 2023-04-18 16:14:05,534 ] 87 root - INFO - Hypothesis ci_000: float64, float64 
[ 2023-04-18 16:14:05,544 ] 87 root - INFO - Hypothesis cj_000: float64, float64 
[ 2023-04-18 16:14:05,552 ] 87 root - INFO - Hypothesis ck_000: float64, float64 
[ 2023-04-18 16:14:05,562 ] 87 root - INFO - Hypothesis cl_000: float64, float64 
[ 2023-04-18 16:14:05,570 ] 87 root - INFO - Hypothesis cm_000: float64, float64 
[ 2023-04-18 16:14:05,578 ] 87 root - INFO - Hypothesis cn_000: float64, float64 
[ 2023-04-18 16:14:05,600 ] 87 root - INFO - Hypothesis cn_001: float64, float64 
[ 2023-04-18 16:14:05,607 ] 87 root - INFO - Hypothesis cn_002: float64, float64 
[ 2023-04-18 16:14:05,616 ] 87 root - INFO - Hypothesis cn_003: float64, float64 
[ 2023-04-18 16:14:05,626 ] 87 root - INFO - Hypothesis cn_004: float64, float64 
[ 2023-04-18 16:14:05,636 ] 87 root - INFO - Hypothesis cn_005: float64, float64 
[ 2023-04-18 16:14:05,647 ] 87 root - INFO - Hypothesis cn_006: float64, float64 
[ 2023-04-18 16:14:05,657 ] 87 root - INFO - Hypothesis cn_007: float64, float64 
[ 2023-04-18 16:14:05,667 ] 87 root - INFO - Hypothesis cn_008: float64, float64 
[ 2023-04-18 16:14:05,676 ] 87 root - INFO - Hypothesis cn_009: float64, float64 
[ 2023-04-18 16:14:05,684 ] 87 root - INFO - Hypothesis cp_000: float64, float64 
[ 2023-04-18 16:14:05,693 ] 87 root - INFO - Hypothesis cq_000: float64, float64 
[ 2023-04-18 16:14:05,703 ] 87 root - INFO - Hypothesis cs_000: float64, float64 
[ 2023-04-18 16:14:05,713 ] 87 root - INFO - Hypothesis cs_001: float64, float64 
[ 2023-04-18 16:14:05,722 ] 87 root - INFO - Hypothesis cs_002: float64, float64 
[ 2023-04-18 16:14:05,732 ] 87 root - INFO - Hypothesis cs_003: float64, float64 
[ 2023-04-18 16:14:05,743 ] 87 root - INFO - Hypothesis cs_004: float64, float64 
[ 2023-04-18 16:14:05,756 ] 87 root - INFO - Hypothesis cs_005: float64, float64 
[ 2023-04-18 16:14:05,767 ] 87 root - INFO - Hypothesis cs_006: float64, float64 
[ 2023-04-18 16:14:05,777 ] 87 root - INFO - Hypothesis cs_007: float64, float64 
[ 2023-04-18 16:14:05,787 ] 87 root - INFO - Hypothesis cs_008: float64, float64 
[ 2023-04-18 16:14:05,796 ] 87 root - INFO - Hypothesis cs_009: float64, float64 
[ 2023-04-18 16:14:05,818 ] 87 root - INFO - Hypothesis dd_000: float64, float64 
[ 2023-04-18 16:14:05,827 ] 87 root - INFO - Hypothesis de_000: float64, float64 
[ 2023-04-18 16:14:05,836 ] 87 root - INFO - Hypothesis df_000: float64, float64 
[ 2023-04-18 16:14:05,842 ] 87 root - INFO - Hypothesis dg_000: float64, float64 
[ 2023-04-18 16:14:05,848 ] 87 root - INFO - Hypothesis dh_000: float64, float64 
[ 2023-04-18 16:14:05,855 ] 87 root - INFO - Hypothesis di_000: float64, float64 
[ 2023-04-18 16:14:05,862 ] 87 root - INFO - Hypothesis dj_000: float64, float64 
[ 2023-04-18 16:14:05,885 ] 87 root - INFO - Hypothesis dk_000: float64, float64 
[ 2023-04-18 16:14:05,891 ] 87 root - INFO - Hypothesis dl_000: float64, float64 
[ 2023-04-18 16:14:05,914 ] 87 root - INFO - Hypothesis dm_000: float64, float64 
[ 2023-04-18 16:14:05,937 ] 87 root - INFO - Hypothesis dn_000: float64, float64 
[ 2023-04-18 16:14:05,947 ] 87 root - INFO - Hypothesis do_000: float64, float64 
[ 2023-04-18 16:14:05,957 ] 87 root - INFO - Hypothesis dp_000: float64, float64 
[ 2023-04-18 16:14:05,966 ] 87 root - INFO - Hypothesis dq_000: float64, float64 
[ 2023-04-18 16:14:05,974 ] 87 root - INFO - Hypothesis dr_000: float64, float64 
[ 2023-04-18 16:14:05,981 ] 87 root - INFO - Hypothesis ds_000: float64, float64 
[ 2023-04-18 16:14:05,991 ] 87 root - INFO - Hypothesis dt_000: float64, float64 
[ 2023-04-18 16:14:06,001 ] 87 root - INFO - Hypothesis du_000: float64, float64 
[ 2023-04-18 16:14:06,011 ] 87 root - INFO - Hypothesis dv_000: float64, float64 
[ 2023-04-18 16:14:06,021 ] 87 root - INFO - Hypothesis dx_000: float64, float64 
[ 2023-04-18 16:14:06,029 ] 87 root - INFO - Hypothesis dy_000: float64, float64 
[ 2023-04-18 16:14:06,037 ] 87 root - INFO - Hypothesis dz_000: float64, float64 
[ 2023-04-18 16:14:06,059 ] 87 root - INFO - Hypothesis ea_000: float64, float64 
[ 2023-04-18 16:14:06,081 ] 87 root - INFO - Hypothesis eb_000: float64, float64 
[ 2023-04-18 16:14:06,090 ] 87 root - INFO - Hypothesis ec_00: float64, float64 
[ 2023-04-18 16:14:06,100 ] 87 root - INFO - Hypothesis ed_000: float64, float64 
[ 2023-04-18 16:14:06,109 ] 87 root - INFO - Hypothesis ee_000: float64, float64 
[ 2023-04-18 16:14:06,120 ] 87 root - INFO - Hypothesis ee_001: float64, float64 
[ 2023-04-18 16:14:06,130 ] 87 root - INFO - Hypothesis ee_002: float64, float64 
[ 2023-04-18 16:14:06,140 ] 87 root - INFO - Hypothesis ee_003: float64, float64 
[ 2023-04-18 16:14:06,151 ] 87 root - INFO - Hypothesis ee_004: float64, float64 
[ 2023-04-18 16:14:06,161 ] 87 root - INFO - Hypothesis ee_005: float64, float64 
[ 2023-04-18 16:14:06,171 ] 87 root - INFO - Hypothesis ee_006: float64, float64 
[ 2023-04-18 16:14:06,181 ] 87 root - INFO - Hypothesis ee_007: float64, float64 
[ 2023-04-18 16:14:06,191 ] 87 root - INFO - Hypothesis ee_008: float64, float64 
[ 2023-04-18 16:14:06,200 ] 87 root - INFO - Hypothesis ee_009: float64, float64 
[ 2023-04-18 16:14:06,208 ] 87 root - INFO - Hypothesis ef_000: float64, float64 
[ 2023-04-18 16:14:06,230 ] 87 root - INFO - Hypothesis eg_000: float64, float64 
[ 2023-04-18 16:14:06,252 ] 146 root - INFO - Write reprt in yaml file
[ 2023-04-18 16:14:06,367 ] 151 root - INFO - Data validation artifact: DataValidationArtifact(report_file_path='/config/workspace/artifact/04182023__161333/data_validation/report.yaml')
[ 2023-04-18 16:14:07,958 ] 60 root - INFO - Before resampling in training set Input: (28950, 170) Target:(28950,)
[ 2023-04-18 16:14:59,726 ] 62 root - INFO - After resampling in training set Input: (56152, 170) Target:(56152,)
[ 2023-04-18 16:14:59,726 ] 64 root - INFO - Before resampling in testing set Input: (7238, 170) Target:(7238,)
[ 2023-04-18 16:15:11,761 ] 66 root - INFO - After resampling in testing set Input: (14072, 170) Target:(14072,)
[ 2023-04-18 16:15:12,041 ] 55 root - INFO - Entered the save_object method of utils
[ 2023-04-18 16:15:12,048 ] 59 root - INFO - Exited the save_object method of utils
[ 2023-04-18 16:15:12,048 ] 55 root - INFO - Entered the save_object method of utils
[ 2023-04-18 16:15:12,050 ] 59 root - INFO - Exited the save_object method of utils
[ 2023-04-18 16:15:12,050 ] 85 root - INFO - Data transformation object DataTransformationArtifact(transform_object_path='/config/workspace/artifact/04182023__161333/data_transformation/transformer/transformer.pkl', transformed_train_path='/config/workspace/artifact/04182023__161333/data_transformation/transformed/train.npz', transformed_test_path='/config/workspace/artifact/04182023__161333/data_transformation/transformed/test.npz', target_encoder_path='/config/workspace/artifact/04182023__161333/data_transformation/target_encoder/target_encoder.pkl')
[ 2023-04-18 16:15:12,053 ] 18 root - INFO - >>>>>>>>>>>>>>>>>>>>>>>>>>>>>>>>>>>>>>>> Model Trainer <<<<<<<<<<<<<<<<<<<<<<<<<<<<<<<<<<<<<<<<
[ 2023-04-18 16:15:12,053 ] 45 root - INFO - Loading train and test array.
[ 2023-04-18 16:15:12,115 ] 49 root - INFO - Splitting input and target feature from both train and test arr.
[ 2023-04-18 16:15:12,116 ] 53 root - INFO - Train the model
[ 2023-04-18 16:20:52,156 ] 56 root - INFO - Calculating f1 train score
[ 2023-04-18 16:20:52,441 ] 60 root - INFO - Calculating f1 test score
[ 2023-04-18 16:20:52,540 ] 64 root - INFO - train score:0.9999821908781678 and tests score 0.9694011365292147
[ 2023-04-18 16:20:52,540 ] 66 root - INFO - Checking if our model is underfitting or not
[ 2023-04-18 16:20:52,541 ] 71 root - INFO - Checking if our model is overfiiting or not
[ 2023-04-18 16:20:52,541 ] 78 root - INFO - Saving mode object
[ 2023-04-18 16:20:52,541 ] 55 root - INFO - Entered the save_object method of utils
[ 2023-04-18 16:20:52,574 ] 59 root - INFO - Exited the save_object method of utils
[ 2023-04-18 16:20:52,574 ] 82 root - INFO - Prepare the artifact
[ 2023-04-18 16:20:52,575 ] 85 root - INFO - Model trainer artifact: ModelTrainerArtifact(model_path='/config/workspace/artifact/04182023__161333/model_trainer/model/model.pkl', f1_train_score=0.9999821908781678, f1_test_score=0.9694011365292147)
[ 2023-04-18 16:20:52,577 ] 19 root - INFO - >>>>>>>>>>>>>>>>>>>>>>>>>>>>>>>>>>>>>>>>  Model Evaluation <<<<<<<<<<<<<<<<<<<<<<<<<<<<<<<<<<<<<<<<
[ 2023-04-18 16:20:52,578 ] 32 root - INFO - if saved model folder has model the we will compare which model is best trained or the model from saved model folder
[ 2023-04-18 16:20:52,578 ] 43 root - INFO - Finding location of transformer model and target encoder
[ 2023-04-18 16:20:52,579 ] 48 root - INFO - Previous trained objects of transformer, model and target encoder
[ 2023-04-18 16:20:52,646 ] 55 root - INFO - Currently trained model objects
[ 2023-04-18 16:20:53,235 ] 73 root - INFO - Accuracy using previous trained model: 0.8
[ 2023-04-18 16:20:53,403 ] 82 root - INFO - Accuracy using current trained model: 0.8
[ 2023-04-18 16:20:53,403 ] 84 root - INFO - Current trained model is not better than previous model
